{"/home/mike-diker/git-repos/P2P_study/src/modules/connection.js": {"path":"/home/mike-diker/git-repos/P2P_study/src/modules/connection.js","all":false,"statementMap":{"0":{"start":{"line":1,"column":0},"end":{"line":1,"column":3}},"1":{"start":{"line":2,"column":0},"end":{"line":2,"column":24}},"2":{"start":{"line":3,"column":0},"end":{"line":3,"column":57}},"3":{"start":{"line":4,"column":0},"end":{"line":4,"column":3}},"4":{"start":{"line":5,"column":0},"end":{"line":5,"column":21}},"5":{"start":{"line":6,"column":0},"end":{"line":6,"column":3}},"6":{"start":{"line":7,"column":0},"end":{"line":7,"column":0}},"7":{"start":{"line":8,"column":0},"end":{"line":8,"column":3}},"8":{"start":{"line":9,"column":0},"end":{"line":9,"column":36}},"9":{"start":{"line":10,"column":0},"end":{"line":10,"column":3}},"10":{"start":{"line":11,"column":0},"end":{"line":11,"column":31}},"11":{"start":{"line":12,"column":0},"end":{"line":12,"column":26}},"12":{"start":{"line":13,"column":0},"end":{"line":13,"column":55}},"13":{"start":{"line":14,"column":0},"end":{"line":14,"column":20}},"14":{"start":{"line":15,"column":0},"end":{"line":15,"column":2}},"15":{"start":{"line":16,"column":0},"end":{"line":16,"column":0}},"16":{"start":{"line":17,"column":0},"end":{"line":17,"column":3}},"17":{"start":{"line":18,"column":0},"end":{"line":18,"column":25}},"18":{"start":{"line":19,"column":0},"end":{"line":19,"column":3}},"19":{"start":{"line":20,"column":0},"end":{"line":20,"column":32}},"20":{"start":{"line":21,"column":0},"end":{"line":21,"column":31}},"21":{"start":{"line":22,"column":0},"end":{"line":22,"column":27}},"22":{"start":{"line":23,"column":0},"end":{"line":23,"column":25}},"23":{"start":{"line":24,"column":0},"end":{"line":24,"column":16}},"24":{"start":{"line":25,"column":0},"end":{"line":25,"column":2}},"25":{"start":{"line":26,"column":0},"end":{"line":26,"column":0}},"26":{"start":{"line":27,"column":0},"end":{"line":27,"column":3}},"27":{"start":{"line":28,"column":0},"end":{"line":28,"column":46}},"28":{"start":{"line":29,"column":0},"end":{"line":29,"column":43}},"29":{"start":{"line":30,"column":0},"end":{"line":30,"column":3}},"30":{"start":{"line":31,"column":0},"end":{"line":31,"column":34}},"31":{"start":{"line":32,"column":0},"end":{"line":32,"column":70}},"32":{"start":{"line":33,"column":0},"end":{"line":33,"column":59}},"33":{"start":{"line":34,"column":0},"end":{"line":34,"column":31}},"34":{"start":{"line":35,"column":0},"end":{"line":35,"column":3}},"35":{"start":{"line":36,"column":0},"end":{"line":36,"column":56}},"36":{"start":{"line":37,"column":0},"end":{"line":37,"column":73}},"37":{"start":{"line":38,"column":0},"end":{"line":38,"column":37}},"38":{"start":{"line":39,"column":0},"end":{"line":39,"column":46}},"39":{"start":{"line":40,"column":0},"end":{"line":40,"column":26}},"40":{"start":{"line":41,"column":0},"end":{"line":41,"column":5}},"41":{"start":{"line":42,"column":0},"end":{"line":42,"column":1}},"42":{"start":{"line":43,"column":0},"end":{"line":43,"column":0}},"43":{"start":{"line":44,"column":0},"end":{"line":44,"column":3}},"44":{"start":{"line":45,"column":0},"end":{"line":45,"column":29}},"45":{"start":{"line":46,"column":0},"end":{"line":46,"column":51}},"46":{"start":{"line":47,"column":0},"end":{"line":47,"column":47}},"47":{"start":{"line":48,"column":0},"end":{"line":48,"column":3}},"48":{"start":{"line":49,"column":0},"end":{"line":49,"column":40}},"49":{"start":{"line":50,"column":0},"end":{"line":50,"column":47}},"50":{"start":{"line":51,"column":0},"end":{"line":51,"column":93}},"51":{"start":{"line":52,"column":0},"end":{"line":52,"column":32}},"52":{"start":{"line":53,"column":0},"end":{"line":53,"column":1}},"53":{"start":{"line":54,"column":0},"end":{"line":54,"column":0}},"54":{"start":{"line":55,"column":0},"end":{"line":55,"column":3}},"55":{"start":{"line":56,"column":0},"end":{"line":56,"column":40}},"56":{"start":{"line":57,"column":0},"end":{"line":57,"column":50}},"57":{"start":{"line":58,"column":0},"end":{"line":58,"column":57}},"58":{"start":{"line":59,"column":0},"end":{"line":59,"column":66}},"59":{"start":{"line":60,"column":0},"end":{"line":60,"column":68}},"60":{"start":{"line":61,"column":0},"end":{"line":61,"column":83}},"61":{"start":{"line":62,"column":0},"end":{"line":62,"column":46}},"62":{"start":{"line":63,"column":0},"end":{"line":63,"column":3}},"63":{"start":{"line":64,"column":0},"end":{"line":64,"column":55}},"64":{"start":{"line":65,"column":0},"end":{"line":65,"column":51}},"65":{"start":{"line":66,"column":0},"end":{"line":66,"column":2}},"66":{"start":{"line":67,"column":0},"end":{"line":67,"column":43}},"67":{"start":{"line":68,"column":0},"end":{"line":68,"column":18}},"68":{"start":{"line":69,"column":0},"end":{"line":69,"column":24}},"69":{"start":{"line":70,"column":0},"end":{"line":70,"column":19}},"70":{"start":{"line":71,"column":0},"end":{"line":71,"column":2}},"71":{"start":{"line":72,"column":0},"end":{"line":72,"column":21}},"72":{"start":{"line":73,"column":0},"end":{"line":73,"column":49}},"73":{"start":{"line":74,"column":0},"end":{"line":74,"column":51}},"74":{"start":{"line":75,"column":0},"end":{"line":75,"column":55}},"75":{"start":{"line":76,"column":0},"end":{"line":76,"column":40}},"76":{"start":{"line":77,"column":0},"end":{"line":77,"column":4}},"77":{"start":{"line":78,"column":0},"end":{"line":78,"column":0}},"78":{"start":{"line":79,"column":0},"end":{"line":79,"column":5}},"79":{"start":{"line":80,"column":0},"end":{"line":80,"column":52}},"80":{"start":{"line":81,"column":0},"end":{"line":81,"column":52}},"81":{"start":{"line":82,"column":0},"end":{"line":82,"column":5}},"82":{"start":{"line":83,"column":0},"end":{"line":83,"column":31}},"83":{"start":{"line":84,"column":0},"end":{"line":84,"column":29}},"84":{"start":{"line":85,"column":0},"end":{"line":85,"column":23}},"85":{"start":{"line":86,"column":0},"end":{"line":86,"column":40}},"86":{"start":{"line":87,"column":0},"end":{"line":87,"column":5}},"87":{"start":{"line":88,"column":0},"end":{"line":88,"column":3}},"88":{"start":{"line":89,"column":0},"end":{"line":89,"column":0}},"89":{"start":{"line":90,"column":0},"end":{"line":90,"column":5}},"90":{"start":{"line":91,"column":0},"end":{"line":91,"column":21}},"91":{"start":{"line":92,"column":0},"end":{"line":92,"column":45}},"92":{"start":{"line":93,"column":0},"end":{"line":93,"column":87}},"93":{"start":{"line":94,"column":0},"end":{"line":94,"column":43}},"94":{"start":{"line":95,"column":0},"end":{"line":95,"column":5}},"95":{"start":{"line":96,"column":0},"end":{"line":96,"column":41}},"96":{"start":{"line":97,"column":0},"end":{"line":97,"column":34}},"97":{"start":{"line":98,"column":0},"end":{"line":98,"column":38}},"98":{"start":{"line":99,"column":0},"end":{"line":99,"column":48}},"99":{"start":{"line":100,"column":0},"end":{"line":100,"column":5}},"100":{"start":{"line":101,"column":0},"end":{"line":101,"column":0}},"101":{"start":{"line":102,"column":0},"end":{"line":102,"column":41}},"102":{"start":{"line":103,"column":0},"end":{"line":103,"column":0}},"103":{"start":{"line":104,"column":0},"end":{"line":104,"column":9}},"104":{"start":{"line":105,"column":0},"end":{"line":105,"column":55}},"105":{"start":{"line":106,"column":0},"end":{"line":106,"column":6}},"106":{"start":{"line":107,"column":0},"end":{"line":107,"column":29}},"107":{"start":{"line":108,"column":0},"end":{"line":108,"column":35}},"108":{"start":{"line":109,"column":0},"end":{"line":109,"column":26}},"109":{"start":{"line":110,"column":0},"end":{"line":110,"column":37}},"110":{"start":{"line":111,"column":0},"end":{"line":111,"column":50}},"111":{"start":{"line":112,"column":0},"end":{"line":112,"column":46}},"112":{"start":{"line":113,"column":0},"end":{"line":113,"column":9}},"113":{"start":{"line":114,"column":0},"end":{"line":114,"column":9}},"114":{"start":{"line":115,"column":0},"end":{"line":115,"column":0}},"115":{"start":{"line":116,"column":0},"end":{"line":116,"column":36}},"116":{"start":{"line":117,"column":0},"end":{"line":117,"column":29}},"117":{"start":{"line":118,"column":0},"end":{"line":118,"column":38}},"118":{"start":{"line":119,"column":0},"end":{"line":119,"column":31}},"119":{"start":{"line":120,"column":0},"end":{"line":120,"column":47}},"120":{"start":{"line":121,"column":0},"end":{"line":121,"column":9}},"121":{"start":{"line":122,"column":0},"end":{"line":122,"column":9}},"122":{"start":{"line":123,"column":0},"end":{"line":123,"column":0}},"123":{"start":{"line":124,"column":0},"end":{"line":124,"column":36}},"124":{"start":{"line":125,"column":0},"end":{"line":125,"column":58}},"125":{"start":{"line":126,"column":0},"end":{"line":126,"column":34}},"126":{"start":{"line":127,"column":0},"end":{"line":127,"column":64}},"127":{"start":{"line":128,"column":0},"end":{"line":128,"column":0}},"128":{"start":{"line":129,"column":0},"end":{"line":129,"column":18}},"129":{"start":{"line":130,"column":0},"end":{"line":130,"column":21}},"130":{"start":{"line":131,"column":0},"end":{"line":131,"column":38}},"131":{"start":{"line":132,"column":0},"end":{"line":132,"column":18}},"132":{"start":{"line":133,"column":0},"end":{"line":133,"column":5}},"133":{"start":{"line":134,"column":0},"end":{"line":134,"column":3}},"134":{"start":{"line":135,"column":0},"end":{"line":135,"column":0}},"135":{"start":{"line":136,"column":0},"end":{"line":136,"column":5}},"136":{"start":{"line":137,"column":0},"end":{"line":137,"column":28}},"137":{"start":{"line":138,"column":0},"end":{"line":138,"column":5}},"138":{"start":{"line":139,"column":0},"end":{"line":139,"column":20}},"139":{"start":{"line":140,"column":0},"end":{"line":140,"column":15}},"140":{"start":{"line":141,"column":0},"end":{"line":141,"column":19}},"141":{"start":{"line":142,"column":0},"end":{"line":142,"column":18}},"142":{"start":{"line":143,"column":0},"end":{"line":143,"column":20}},"143":{"start":{"line":144,"column":0},"end":{"line":144,"column":19}},"144":{"start":{"line":145,"column":0},"end":{"line":145,"column":45}},"145":{"start":{"line":146,"column":0},"end":{"line":146,"column":5}},"146":{"start":{"line":147,"column":0},"end":{"line":147,"column":3}},"147":{"start":{"line":148,"column":0},"end":{"line":148,"column":0}},"148":{"start":{"line":149,"column":0},"end":{"line":149,"column":5}},"149":{"start":{"line":150,"column":0},"end":{"line":150,"column":38}},"150":{"start":{"line":151,"column":0},"end":{"line":151,"column":37}},"151":{"start":{"line":152,"column":0},"end":{"line":152,"column":5}},"152":{"start":{"line":153,"column":0},"end":{"line":153,"column":28}},"153":{"start":{"line":154,"column":0},"end":{"line":154,"column":27}},"154":{"start":{"line":155,"column":0},"end":{"line":155,"column":29}},"155":{"start":{"line":156,"column":0},"end":{"line":156,"column":5}},"156":{"start":{"line":157,"column":0},"end":{"line":157,"column":3}},"157":{"start":{"line":158,"column":0},"end":{"line":158,"column":0}},"158":{"start":{"line":159,"column":0},"end":{"line":159,"column":5}},"159":{"start":{"line":160,"column":0},"end":{"line":160,"column":34}},"160":{"start":{"line":161,"column":0},"end":{"line":161,"column":36}},"161":{"start":{"line":162,"column":0},"end":{"line":162,"column":5}},"162":{"start":{"line":163,"column":0},"end":{"line":163,"column":23}},"163":{"start":{"line":164,"column":0},"end":{"line":164,"column":17}},"164":{"start":{"line":165,"column":0},"end":{"line":165,"column":3}},"165":{"start":{"line":166,"column":0},"end":{"line":166,"column":0}},"166":{"start":{"line":167,"column":0},"end":{"line":167,"column":5}},"167":{"start":{"line":168,"column":0},"end":{"line":168,"column":36}},"168":{"start":{"line":169,"column":0},"end":{"line":169,"column":42}},"169":{"start":{"line":170,"column":0},"end":{"line":170,"column":5}},"170":{"start":{"line":171,"column":0},"end":{"line":171,"column":23}},"171":{"start":{"line":172,"column":0},"end":{"line":172,"column":29}},"172":{"start":{"line":173,"column":0},"end":{"line":173,"column":3}},"173":{"start":{"line":174,"column":0},"end":{"line":174,"column":0}},"174":{"start":{"line":175,"column":0},"end":{"line":175,"column":5}},"175":{"start":{"line":176,"column":0},"end":{"line":176,"column":20}},"176":{"start":{"line":177,"column":0},"end":{"line":177,"column":48}},"177":{"start":{"line":178,"column":0},"end":{"line":178,"column":5}},"178":{"start":{"line":179,"column":0},"end":{"line":179,"column":27}},"179":{"start":{"line":180,"column":0},"end":{"line":180,"column":22}},"180":{"start":{"line":181,"column":0},"end":{"line":181,"column":3}},"181":{"start":{"line":182,"column":0},"end":{"line":182,"column":0}},"182":{"start":{"line":183,"column":0},"end":{"line":183,"column":10}},"183":{"start":{"line":184,"column":0},"end":{"line":184,"column":9}},"184":{"start":{"line":185,"column":0},"end":{"line":185,"column":10}},"185":{"start":{"line":186,"column":0},"end":{"line":186,"column":14}},"186":{"start":{"line":187,"column":0},"end":{"line":187,"column":13}},"187":{"start":{"line":188,"column":0},"end":{"line":188,"column":13}},"188":{"start":{"line":189,"column":0},"end":{"line":189,"column":17}},"189":{"start":{"line":190,"column":0},"end":{"line":190,"column":10}},"190":{"start":{"line":191,"column":0},"end":{"line":191,"column":4}},"191":{"start":{"line":192,"column":0},"end":{"line":192,"column":1}}},"s":{"0":1,"1":1,"2":1,"3":1,"4":1,"5":1,"6":1,"7":1,"8":1,"9":1,"10":1,"11":1,"12":1,"13":1,"14":1,"15":1,"16":1,"17":1,"18":1,"19":1,"20":1,"21":1,"22":1,"23":1,"24":1,"25":1,"26":1,"27":1,"28":1,"29":1,"30":1,"31":112,"32":112,"33":0,"34":0,"35":112,"36":112,"37":3472,"38":3472,"39":3472,"40":112,"41":112,"42":1,"43":1,"44":1,"45":1,"46":1,"47":1,"48":1,"49":18,"50":15,"51":15,"52":18,"53":1,"54":1,"55":1,"56":1,"57":1,"58":1,"59":1,"60":1,"61":1,"62":1,"63":1,"64":22,"65":22,"66":22,"67":22,"68":22,"69":22,"70":22,"71":22,"72":22,"73":22,"74":22,"75":22,"76":22,"77":22,"78":22,"79":22,"80":22,"81":22,"82":22,"83":16,"84":16,"85":16,"86":16,"87":16,"88":22,"89":22,"90":22,"91":22,"92":22,"93":22,"94":22,"95":22,"96":11,"97":1,"98":1,"99":1,"100":10,"101":10,"102":10,"103":10,"104":10,"105":10,"106":10,"107":10,"108":2,"109":2,"110":2,"111":2,"112":2,"113":10,"114":10,"115":10,"116":1,"117":1,"118":1,"119":1,"120":1,"121":10,"122":10,"123":10,"124":10,"125":10,"126":10,"127":10,"128":10,"129":11,"130":1,"131":1,"132":1,"133":11,"134":22,"135":22,"136":22,"137":22,"138":22,"139":2,"140":1,"141":1,"142":1,"143":1,"144":1,"145":1,"146":2,"147":22,"148":22,"149":22,"150":22,"151":22,"152":22,"153":2,"154":1,"155":1,"156":2,"157":22,"158":22,"159":22,"160":22,"161":22,"162":22,"163":4,"164":4,"165":22,"166":22,"167":22,"168":22,"169":22,"170":22,"171":2,"172":2,"173":22,"174":22,"175":22,"176":22,"177":22,"178":22,"179":4,"180":4,"181":22,"182":22,"183":22,"184":22,"185":22,"186":22,"187":22,"188":22,"189":22,"190":22,"191":22},"branchMap":{"0":{"type":"branch","line":1,"loc":{"start":{"line":1,"column":0},"end":{"line":192,"column":1}},"locations":[{"start":{"line":1,"column":0},"end":{"line":192,"column":1}}]},"1":{"type":"branch","line":31,"loc":{"start":{"line":31,"column":7},"end":{"line":42,"column":1}},"locations":[{"start":{"line":31,"column":7},"end":{"line":42,"column":1}}]},"2":{"type":"branch","line":33,"loc":{"start":{"line":33,"column":58},"end":{"line":35,"column":3}},"locations":[{"start":{"line":33,"column":58},"end":{"line":35,"column":3}}]},"3":{"type":"branch","line":37,"loc":{"start":{"line":37,"column":65},"end":{"line":41,"column":3}},"locations":[{"start":{"line":37,"column":65},"end":{"line":41,"column":3}}]},"4":{"type":"branch","line":39,"loc":{"start":{"line":39,"column":24},"end":{"line":39,"column":27}},"locations":[{"start":{"line":39,"column":24},"end":{"line":39,"column":27}}]},"5":{"type":"branch","line":39,"loc":{"start":{"line":39,"column":28},"end":{"line":39,"column":45}},"locations":[{"start":{"line":39,"column":28},"end":{"line":39,"column":45}}]},"6":{"type":"branch","line":49,"loc":{"start":{"line":49,"column":7},"end":{"line":53,"column":1}},"locations":[{"start":{"line":49,"column":7},"end":{"line":53,"column":1}}]},"7":{"type":"branch","line":50,"loc":{"start":{"line":50,"column":34},"end":{"line":50,"column":47}},"locations":[{"start":{"line":50,"column":34},"end":{"line":50,"column":47}}]},"8":{"type":"branch","line":51,"loc":{"start":{"line":51,"column":-1},"end":{"line":53,"column":0}},"locations":[{"start":{"line":51,"column":-1},"end":{"line":53,"column":0}}]},"9":{"type":"branch","line":64,"loc":{"start":{"line":64,"column":7},"end":{"line":192,"column":1}},"locations":[{"start":{"line":64,"column":7},"end":{"line":192,"column":1}}]},"10":{"type":"branch","line":73,"loc":{"start":{"line":73,"column":35},"end":{"line":73,"column":48}},"locations":[{"start":{"line":73,"column":35},"end":{"line":73,"column":48}}]},"11":{"type":"branch","line":74,"loc":{"start":{"line":74,"column":37},"end":{"line":74,"column":50}},"locations":[{"start":{"line":74,"column":37},"end":{"line":74,"column":50}}]},"12":{"type":"branch","line":75,"loc":{"start":{"line":75,"column":41},"end":{"line":75,"column":54}},"locations":[{"start":{"line":75,"column":41},"end":{"line":75,"column":54}}]},"13":{"type":"branch","line":76,"loc":{"start":{"line":76,"column":27},"end":{"line":76,"column":40}},"locations":[{"start":{"line":76,"column":27},"end":{"line":76,"column":40}}]},"14":{"type":"branch","line":73,"loc":{"start":{"line":73,"column":39},"end":{"line":73,"column":47}},"locations":[{"start":{"line":73,"column":39},"end":{"line":73,"column":47}}]},"15":{"type":"branch","line":75,"loc":{"start":{"line":75,"column":45},"end":{"line":75,"column":53}},"locations":[{"start":{"line":75,"column":45},"end":{"line":75,"column":53}}]},"16":{"type":"branch","line":83,"loc":{"start":{"line":83,"column":2},"end":{"line":88,"column":3}},"locations":[{"start":{"line":83,"column":2},"end":{"line":88,"column":3}}]},"17":{"type":"branch","line":96,"loc":{"start":{"line":96,"column":2},"end":{"line":134,"column":3}},"locations":[{"start":{"line":96,"column":2},"end":{"line":134,"column":3}}]},"18":{"type":"branch","line":97,"loc":{"start":{"line":97,"column":33},"end":{"line":100,"column":5}},"locations":[{"start":{"line":97,"column":33},"end":{"line":100,"column":5}}]},"19":{"type":"branch","line":101,"loc":{"start":{"line":101,"column":-1},"end":{"line":130,"column":6}},"locations":[{"start":{"line":101,"column":-1},"end":{"line":130,"column":6}}]},"20":{"type":"branch","line":130,"loc":{"start":{"line":130,"column":6},"end":{"line":133,"column":5}},"locations":[{"start":{"line":130,"column":6},"end":{"line":133,"column":5}}]},"21":{"type":"branch","line":108,"loc":{"start":{"line":108,"column":22},"end":{"line":114,"column":7}},"locations":[{"start":{"line":108,"column":22},"end":{"line":114,"column":7}}]},"22":{"type":"branch","line":116,"loc":{"start":{"line":116,"column":23},"end":{"line":122,"column":7}},"locations":[{"start":{"line":116,"column":23},"end":{"line":122,"column":7}}]},"23":{"type":"branch","line":127,"loc":{"start":{"line":127,"column":14},"end":{"line":127,"column":62}},"locations":[{"start":{"line":127,"column":14},"end":{"line":127,"column":62}}]},"24":{"type":"branch","line":139,"loc":{"start":{"line":139,"column":2},"end":{"line":147,"column":3}},"locations":[{"start":{"line":139,"column":2},"end":{"line":147,"column":3}}]},"25":{"type":"branch","line":140,"loc":{"start":{"line":140,"column":14},"end":{"line":146,"column":5}},"locations":[{"start":{"line":140,"column":14},"end":{"line":146,"column":5}}]},"26":{"type":"branch","line":153,"loc":{"start":{"line":153,"column":2},"end":{"line":157,"column":3}},"locations":[{"start":{"line":153,"column":2},"end":{"line":157,"column":3}}]},"27":{"type":"branch","line":154,"loc":{"start":{"line":154,"column":26},"end":{"line":156,"column":5}},"locations":[{"start":{"line":154,"column":26},"end":{"line":156,"column":5}}]},"28":{"type":"branch","line":163,"loc":{"start":{"line":163,"column":2},"end":{"line":165,"column":3}},"locations":[{"start":{"line":163,"column":2},"end":{"line":165,"column":3}}]},"29":{"type":"branch","line":171,"loc":{"start":{"line":171,"column":2},"end":{"line":173,"column":3}},"locations":[{"start":{"line":171,"column":2},"end":{"line":173,"column":3}}]},"30":{"type":"branch","line":179,"loc":{"start":{"line":179,"column":2},"end":{"line":181,"column":3}},"locations":[{"start":{"line":179,"column":2},"end":{"line":181,"column":3}}]}},"b":{"0":[1],"1":[112],"2":[0],"3":[3472],"4":[3360],"5":[112],"6":[18],"7":[3],"8":[15],"9":[22],"10":[21],"11":[21],"12":[21],"13":[21],"14":[1],"15":[15],"16":[16],"17":[11],"18":[1],"19":[10],"20":[1],"21":[2],"22":[1],"23":[1],"24":[2],"25":[1],"26":[2],"27":[1],"28":[4],"29":[2],"30":[4]},"fnMap":{"0":{"name":"generateRoomId","decl":{"start":{"line":31,"column":7},"end":{"line":42,"column":1}},"loc":{"start":{"line":31,"column":7},"end":{"line":42,"column":1}},"line":31},"1":{"name":"validateRoomId","decl":{"start":{"line":49,"column":7},"end":{"line":53,"column":1}},"loc":{"start":{"line":49,"column":7},"end":{"line":53,"column":1}},"line":49},"2":{"name":"createConnectionManager","decl":{"start":{"line":64,"column":7},"end":{"line":192,"column":1}},"loc":{"start":{"line":64,"column":7},"end":{"line":192,"column":1}},"line":64},"3":{"name":"callbacks.onPeerJoin","decl":{"start":{"line":73,"column":39},"end":{"line":73,"column":47}},"loc":{"start":{"line":73,"column":39},"end":{"line":73,"column":47}},"line":73},"4":{"name":"callbacks.onPeerLeave","decl":{"start":{"line":74,"column":41},"end":{"line":74,"column":49}},"loc":{"start":{"line":74,"column":41},"end":{"line":74,"column":49}},"line":74},"5":{"name":"callbacks.onStateChange","decl":{"start":{"line":75,"column":45},"end":{"line":75,"column":53}},"loc":{"start":{"line":75,"column":45},"end":{"line":75,"column":53}},"line":75},"6":{"name":"callbacks.onData","decl":{"start":{"line":76,"column":31},"end":{"line":76,"column":39}},"loc":{"start":{"line":76,"column":31},"end":{"line":76,"column":39}},"line":76},"7":{"name":"setState","decl":{"start":{"line":83,"column":2},"end":{"line":88,"column":3}},"loc":{"start":{"line":83,"column":2},"end":{"line":88,"column":3}},"line":83},"8":{"name":"join","decl":{"start":{"line":96,"column":2},"end":{"line":134,"column":3}},"loc":{"start":{"line":96,"column":2},"end":{"line":134,"column":3}},"line":96},"9":{"name":"leave","decl":{"start":{"line":139,"column":2},"end":{"line":147,"column":3}},"loc":{"start":{"line":139,"column":2},"end":{"line":147,"column":3}},"line":139},"10":{"name":"broadcast","decl":{"start":{"line":153,"column":2},"end":{"line":157,"column":3}},"loc":{"start":{"line":153,"column":2},"end":{"line":157,"column":3}},"line":153},"11":{"name":"getState","decl":{"start":{"line":163,"column":2},"end":{"line":165,"column":3}},"loc":{"start":{"line":163,"column":2},"end":{"line":165,"column":3}},"line":163},"12":{"name":"getPeers","decl":{"start":{"line":171,"column":2},"end":{"line":173,"column":3}},"loc":{"start":{"line":171,"column":2},"end":{"line":173,"column":3}},"line":171},"13":{"name":"getPeerCount","decl":{"start":{"line":179,"column":2},"end":{"line":181,"column":3}},"loc":{"start":{"line":179,"column":2},"end":{"line":181,"column":3}},"line":179}},"f":{"0":112,"1":18,"2":22,"3":1,"4":0,"5":15,"6":0,"7":16,"8":11,"9":2,"10":2,"11":4,"12":2,"13":4}}
,"/home/mike-diker/git-repos/P2P_study/src/modules/qrcode.js": {"path":"/home/mike-diker/git-repos/P2P_study/src/modules/qrcode.js","all":false,"statementMap":{"0":{"start":{"line":1,"column":0},"end":{"line":1,"column":3}},"1":{"start":{"line":2,"column":0},"end":{"line":2,"column":17}},"2":{"start":{"line":3,"column":0},"end":{"line":3,"column":65}},"3":{"start":{"line":4,"column":0},"end":{"line":4,"column":3}},"4":{"start":{"line":5,"column":0},"end":{"line":5,"column":17}},"5":{"start":{"line":6,"column":0},"end":{"line":6,"column":3}},"6":{"start":{"line":7,"column":0},"end":{"line":7,"column":0}},"7":{"start":{"line":8,"column":0},"end":{"line":8,"column":3}},"8":{"start":{"line":9,"column":0},"end":{"line":9,"column":33}},"9":{"start":{"line":10,"column":0},"end":{"line":10,"column":3}},"10":{"start":{"line":11,"column":0},"end":{"line":11,"column":26}},"11":{"start":{"line":12,"column":0},"end":{"line":12,"column":28}},"12":{"start":{"line":13,"column":0},"end":{"line":13,"column":13}},"13":{"start":{"line":14,"column":0},"end":{"line":14,"column":12}},"14":{"start":{"line":15,"column":0},"end":{"line":15,"column":10}},"15":{"start":{"line":16,"column":0},"end":{"line":16,"column":20}},"16":{"start":{"line":17,"column":0},"end":{"line":17,"column":20}},"17":{"start":{"line":18,"column":0},"end":{"line":18,"column":3}},"18":{"start":{"line":19,"column":0},"end":{"line":19,"column":2}},"19":{"start":{"line":20,"column":0},"end":{"line":20,"column":0}},"20":{"start":{"line":21,"column":0},"end":{"line":21,"column":3}},"21":{"start":{"line":22,"column":0},"end":{"line":22,"column":41}},"22":{"start":{"line":23,"column":0},"end":{"line":23,"column":32}},"23":{"start":{"line":24,"column":0},"end":{"line":24,"column":53}},"24":{"start":{"line":25,"column":0},"end":{"line":25,"column":63}},"25":{"start":{"line":26,"column":0},"end":{"line":26,"column":52}},"26":{"start":{"line":27,"column":0},"end":{"line":27,"column":48}},"27":{"start":{"line":28,"column":0},"end":{"line":28,"column":3}},"28":{"start":{"line":29,"column":0},"end":{"line":29,"column":0}},"29":{"start":{"line":30,"column":0},"end":{"line":30,"column":3}},"30":{"start":{"line":31,"column":0},"end":{"line":31,"column":46}},"31":{"start":{"line":32,"column":0},"end":{"line":32,"column":3}},"32":{"start":{"line":33,"column":0},"end":{"line":33,"column":38}},"33":{"start":{"line":34,"column":0},"end":{"line":34,"column":0}},"34":{"start":{"line":35,"column":0},"end":{"line":35,"column":3}},"35":{"start":{"line":36,"column":0},"end":{"line":36,"column":39}},"36":{"start":{"line":37,"column":0},"end":{"line":37,"column":45}},"37":{"start":{"line":38,"column":0},"end":{"line":38,"column":47}},"38":{"start":{"line":39,"column":0},"end":{"line":39,"column":66}},"39":{"start":{"line":40,"column":0},"end":{"line":40,"column":45}},"40":{"start":{"line":41,"column":0},"end":{"line":41,"column":3}},"41":{"start":{"line":42,"column":0},"end":{"line":42,"column":57}},"42":{"start":{"line":43,"column":0},"end":{"line":43,"column":46}},"43":{"start":{"line":44,"column":0},"end":{"line":44,"column":64}},"44":{"start":{"line":45,"column":0},"end":{"line":45,"column":3}},"45":{"start":{"line":46,"column":0},"end":{"line":46,"column":0}},"46":{"start":{"line":47,"column":0},"end":{"line":47,"column":10}},"47":{"start":{"line":48,"column":0},"end":{"line":48,"column":11}},"48":{"start":{"line":49,"column":0},"end":{"line":49,"column":49}},"49":{"start":{"line":50,"column":0},"end":{"line":50,"column":26}},"50":{"start":{"line":51,"column":0},"end":{"line":51,"column":29}},"51":{"start":{"line":52,"column":0},"end":{"line":52,"column":4}},"52":{"start":{"line":53,"column":0},"end":{"line":53,"column":1}},"53":{"start":{"line":54,"column":0},"end":{"line":54,"column":0}},"54":{"start":{"line":55,"column":0},"end":{"line":55,"column":3}},"55":{"start":{"line":56,"column":0},"end":{"line":56,"column":47}},"56":{"start":{"line":57,"column":0},"end":{"line":57,"column":60}},"57":{"start":{"line":58,"column":0},"end":{"line":58,"column":35}},"58":{"start":{"line":59,"column":0},"end":{"line":59,"column":3}},"59":{"start":{"line":60,"column":0},"end":{"line":60,"column":48}},"60":{"start":{"line":61,"column":0},"end":{"line":61,"column":44}},"61":{"start":{"line":62,"column":0},"end":{"line":62,"column":44}},"62":{"start":{"line":63,"column":0},"end":{"line":63,"column":3}},"63":{"start":{"line":64,"column":0},"end":{"line":64,"column":2}},"64":{"start":{"line":65,"column":0},"end":{"line":65,"column":59}},"65":{"start":{"line":66,"column":0},"end":{"line":66,"column":43}},"66":{"start":{"line":67,"column":0},"end":{"line":67,"column":2}},"67":{"start":{"line":68,"column":0},"end":{"line":68,"column":39}},"68":{"start":{"line":69,"column":0},"end":{"line":69,"column":35}},"69":{"start":{"line":70,"column":0},"end":{"line":70,"column":22}},"70":{"start":{"line":71,"column":0},"end":{"line":71,"column":3}},"71":{"start":{"line":72,"column":0},"end":{"line":72,"column":2}},"72":{"start":{"line":73,"column":0},"end":{"line":73,"column":21}},"73":{"start":{"line":74,"column":0},"end":{"line":74,"column":46}},"74":{"start":{"line":75,"column":0},"end":{"line":75,"column":1}},"75":{"start":{"line":76,"column":0},"end":{"line":76,"column":0}},"76":{"start":{"line":77,"column":0},"end":{"line":77,"column":3}},"77":{"start":{"line":78,"column":0},"end":{"line":78,"column":45}},"78":{"start":{"line":79,"column":0},"end":{"line":79,"column":56}},"79":{"start":{"line":80,"column":0},"end":{"line":80,"column":46}},"80":{"start":{"line":81,"column":0},"end":{"line":81,"column":3}},"81":{"start":{"line":82,"column":0},"end":{"line":82,"column":44}},"82":{"start":{"line":83,"column":0},"end":{"line":83,"column":48}},"83":{"start":{"line":84,"column":0},"end":{"line":84,"column":44}},"84":{"start":{"line":85,"column":0},"end":{"line":85,"column":3}},"85":{"start":{"line":86,"column":0},"end":{"line":86,"column":0}},"86":{"start":{"line":87,"column":0},"end":{"line":87,"column":7}},"87":{"start":{"line":88,"column":0},"end":{"line":88,"column":41}},"88":{"start":{"line":89,"column":0},"end":{"line":89,"column":13}},"89":{"start":{"line":90,"column":0},"end":{"line":90,"column":37}},"90":{"start":{"line":91,"column":0},"end":{"line":91,"column":27}},"91":{"start":{"line":92,"column":0},"end":{"line":92,"column":12}},"92":{"start":{"line":93,"column":0},"end":{"line":93,"column":25}},"93":{"start":{"line":94,"column":0},"end":{"line":94,"column":62}},"94":{"start":{"line":95,"column":0},"end":{"line":95,"column":5}},"95":{"start":{"line":96,"column":0},"end":{"line":96,"column":4}},"96":{"start":{"line":97,"column":0},"end":{"line":97,"column":34}},"97":{"start":{"line":98,"column":0},"end":{"line":98,"column":4}},"98":{"start":{"line":99,"column":0},"end":{"line":99,"column":31}},"99":{"start":{"line":100,"column":0},"end":{"line":100,"column":23}},"100":{"start":{"line":101,"column":0},"end":{"line":101,"column":56}},"101":{"start":{"line":102,"column":0},"end":{"line":102,"column":5}},"102":{"start":{"line":103,"column":0},"end":{"line":103,"column":4}},"103":{"start":{"line":104,"column":0},"end":{"line":104,"column":16}},"104":{"start":{"line":105,"column":0},"end":{"line":105,"column":19}},"105":{"start":{"line":106,"column":0},"end":{"line":106,"column":43}},"106":{"start":{"line":107,"column":0},"end":{"line":107,"column":18}},"107":{"start":{"line":108,"column":0},"end":{"line":108,"column":5}},"108":{"start":{"line":109,"column":0},"end":{"line":109,"column":71}},"109":{"start":{"line":110,"column":0},"end":{"line":110,"column":3}},"110":{"start":{"line":111,"column":0},"end":{"line":111,"column":1}},"111":{"start":{"line":112,"column":0},"end":{"line":112,"column":0}},"112":{"start":{"line":113,"column":0},"end":{"line":113,"column":3}},"113":{"start":{"line":114,"column":0},"end":{"line":114,"column":35}},"114":{"start":{"line":115,"column":0},"end":{"line":115,"column":54}},"115":{"start":{"line":116,"column":0},"end":{"line":116,"column":38}},"116":{"start":{"line":117,"column":0},"end":{"line":117,"column":3}},"117":{"start":{"line":118,"column":0},"end":{"line":118,"column":50}},"118":{"start":{"line":119,"column":0},"end":{"line":119,"column":20}},"119":{"start":{"line":120,"column":0},"end":{"line":120,"column":2}},"120":{"start":{"line":121,"column":0},"end":{"line":121,"column":21}},"121":{"start":{"line":122,"column":0},"end":{"line":122,"column":66}},"122":{"start":{"line":123,"column":0},"end":{"line":123,"column":3}},"123":{"start":{"line":124,"column":0},"end":{"line":124,"column":2}},"124":{"start":{"line":125,"column":0},"end":{"line":125,"column":70}},"125":{"start":{"line":126,"column":0},"end":{"line":126,"column":59}},"126":{"start":{"line":127,"column":0},"end":{"line":127,"column":3}},"127":{"start":{"line":128,"column":0},"end":{"line":128,"column":2}},"128":{"start":{"line":129,"column":0},"end":{"line":129,"column":29}},"129":{"start":{"line":130,"column":0},"end":{"line":130,"column":39}},"130":{"start":{"line":131,"column":0},"end":{"line":131,"column":56}},"131":{"start":{"line":132,"column":0},"end":{"line":132,"column":103}},"132":{"start":{"line":133,"column":0},"end":{"line":133,"column":3}},"133":{"start":{"line":134,"column":0},"end":{"line":134,"column":2}},"134":{"start":{"line":135,"column":0},"end":{"line":135,"column":76}},"135":{"start":{"line":136,"column":0},"end":{"line":136,"column":62}},"136":{"start":{"line":137,"column":0},"end":{"line":137,"column":3}},"137":{"start":{"line":138,"column":0},"end":{"line":138,"column":2}},"138":{"start":{"line":139,"column":0},"end":{"line":139,"column":10}},"139":{"start":{"line":140,"column":0},"end":{"line":140,"column":31}},"140":{"start":{"line":141,"column":0},"end":{"line":141,"column":10}},"141":{"start":{"line":142,"column":0},"end":{"line":142,"column":4}},"142":{"start":{"line":143,"column":0},"end":{"line":143,"column":1}},"143":{"start":{"line":144,"column":0},"end":{"line":144,"column":0}},"144":{"start":{"line":145,"column":0},"end":{"line":145,"column":3}},"145":{"start":{"line":146,"column":0},"end":{"line":146,"column":36}},"146":{"start":{"line":147,"column":0},"end":{"line":147,"column":59}},"147":{"start":{"line":148,"column":0},"end":{"line":148,"column":75}},"148":{"start":{"line":149,"column":0},"end":{"line":149,"column":37}},"149":{"start":{"line":150,"column":0},"end":{"line":150,"column":3}},"150":{"start":{"line":151,"column":0},"end":{"line":151,"column":67}},"151":{"start":{"line":152,"column":0},"end":{"line":152,"column":47}},"152":{"start":{"line":153,"column":0},"end":{"line":153,"column":16}},"153":{"start":{"line":154,"column":0},"end":{"line":154,"column":3}},"154":{"start":{"line":155,"column":0},"end":{"line":155,"column":2}},"155":{"start":{"line":156,"column":0},"end":{"line":156,"column":49}},"156":{"start":{"line":157,"column":0},"end":{"line":157,"column":24}},"157":{"start":{"line":158,"column":0},"end":{"line":158,"column":1}},"158":{"start":{"line":159,"column":0},"end":{"line":159,"column":0}},"159":{"start":{"line":160,"column":0},"end":{"line":160,"column":3}},"160":{"start":{"line":161,"column":0},"end":{"line":161,"column":28}},"161":{"start":{"line":162,"column":0},"end":{"line":162,"column":73}},"162":{"start":{"line":163,"column":0},"end":{"line":163,"column":36}},"163":{"start":{"line":164,"column":0},"end":{"line":164,"column":3}},"164":{"start":{"line":165,"column":0},"end":{"line":165,"column":51}},"165":{"start":{"line":166,"column":0},"end":{"line":166,"column":31}},"166":{"start":{"line":167,"column":0},"end":{"line":167,"column":2}},"167":{"start":{"line":168,"column":0},"end":{"line":168,"column":5}},"168":{"start":{"line":169,"column":0},"end":{"line":169,"column":31}},"169":{"start":{"line":170,"column":0},"end":{"line":170,"column":47}},"170":{"start":{"line":171,"column":0},"end":{"line":171,"column":49}},"171":{"start":{"line":172,"column":0},"end":{"line":172,"column":51}},"172":{"start":{"line":173,"column":0},"end":{"line":173,"column":5}},"173":{"start":{"line":174,"column":0},"end":{"line":174,"column":49}},"174":{"start":{"line":175,"column":0},"end":{"line":175,"column":59}},"175":{"start":{"line":176,"column":0},"end":{"line":176,"column":51}},"176":{"start":{"line":177,"column":0},"end":{"line":177,"column":4}},"177":{"start":{"line":178,"column":0},"end":{"line":178,"column":36}},"178":{"start":{"line":179,"column":0},"end":{"line":179,"column":4}},"179":{"start":{"line":180,"column":0},"end":{"line":180,"column":43}},"180":{"start":{"line":181,"column":0},"end":{"line":181,"column":49}},"181":{"start":{"line":182,"column":0},"end":{"line":182,"column":21}},"182":{"start":{"line":183,"column":0},"end":{"line":183,"column":28}},"183":{"start":{"line":184,"column":0},"end":{"line":184,"column":9}},"184":{"start":{"line":185,"column":0},"end":{"line":185,"column":5}},"185":{"start":{"line":186,"column":0},"end":{"line":186,"column":4}},"186":{"start":{"line":187,"column":0},"end":{"line":187,"column":39}},"187":{"start":{"line":188,"column":0},"end":{"line":188,"column":54}},"188":{"start":{"line":189,"column":0},"end":{"line":189,"column":3}},"189":{"start":{"line":190,"column":0},"end":{"line":190,"column":0}},"190":{"start":{"line":191,"column":0},"end":{"line":191,"column":5}},"191":{"start":{"line":192,"column":0},"end":{"line":192,"column":40}},"192":{"start":{"line":193,"column":0},"end":{"line":193,"column":54}},"193":{"start":{"line":194,"column":0},"end":{"line":194,"column":47}},"194":{"start":{"line":195,"column":0},"end":{"line":195,"column":49}},"195":{"start":{"line":196,"column":0},"end":{"line":196,"column":49}},"196":{"start":{"line":197,"column":0},"end":{"line":197,"column":5}},"197":{"start":{"line":198,"column":0},"end":{"line":198,"column":65}},"198":{"start":{"line":199,"column":0},"end":{"line":199,"column":59}},"199":{"start":{"line":200,"column":0},"end":{"line":200,"column":51}},"200":{"start":{"line":201,"column":0},"end":{"line":201,"column":4}},"201":{"start":{"line":202,"column":0},"end":{"line":202,"column":36}},"202":{"start":{"line":203,"column":0},"end":{"line":203,"column":4}},"203":{"start":{"line":204,"column":0},"end":{"line":204,"column":42}},"204":{"start":{"line":205,"column":0},"end":{"line":205,"column":49}},"205":{"start":{"line":206,"column":0},"end":{"line":206,"column":21}},"206":{"start":{"line":207,"column":0},"end":{"line":207,"column":28}},"207":{"start":{"line":208,"column":0},"end":{"line":208,"column":9}},"208":{"start":{"line":209,"column":0},"end":{"line":209,"column":5}},"209":{"start":{"line":210,"column":0},"end":{"line":210,"column":4}},"210":{"start":{"line":211,"column":0},"end":{"line":211,"column":23}},"211":{"start":{"line":212,"column":0},"end":{"line":212,"column":3}},"212":{"start":{"line":213,"column":0},"end":{"line":213,"column":0}},"213":{"start":{"line":214,"column":0},"end":{"line":214,"column":5}},"214":{"start":{"line":215,"column":0},"end":{"line":215,"column":27}},"215":{"start":{"line":216,"column":0},"end":{"line":216,"column":49}},"216":{"start":{"line":217,"column":0},"end":{"line":217,"column":47}},"217":{"start":{"line":218,"column":0},"end":{"line":218,"column":5}},"218":{"start":{"line":219,"column":0},"end":{"line":219,"column":27}},"219":{"start":{"line":220,"column":0},"end":{"line":220,"column":51}},"220":{"start":{"line":221,"column":0},"end":{"line":221,"column":56}},"221":{"start":{"line":222,"column":0},"end":{"line":222,"column":4}},"222":{"start":{"line":223,"column":0},"end":{"line":223,"column":28}},"223":{"start":{"line":224,"column":0},"end":{"line":224,"column":74}},"224":{"start":{"line":225,"column":0},"end":{"line":225,"column":5}},"225":{"start":{"line":226,"column":0},"end":{"line":226,"column":4}},"226":{"start":{"line":227,"column":0},"end":{"line":227,"column":23}},"227":{"start":{"line":228,"column":0},"end":{"line":228,"column":3}},"228":{"start":{"line":229,"column":0},"end":{"line":229,"column":0}},"229":{"start":{"line":230,"column":0},"end":{"line":230,"column":5}},"230":{"start":{"line":231,"column":0},"end":{"line":231,"column":41}},"231":{"start":{"line":232,"column":0},"end":{"line":232,"column":52}},"232":{"start":{"line":233,"column":0},"end":{"line":233,"column":5}},"233":{"start":{"line":234,"column":0},"end":{"line":234,"column":31}},"234":{"start":{"line":235,"column":0},"end":{"line":235,"column":29}},"235":{"start":{"line":236,"column":0},"end":{"line":236,"column":3}},"236":{"start":{"line":237,"column":0},"end":{"line":237,"column":0}},"237":{"start":{"line":238,"column":0},"end":{"line":238,"column":5}},"238":{"start":{"line":239,"column":0},"end":{"line":239,"column":46}},"239":{"start":{"line":240,"column":0},"end":{"line":240,"column":58}},"240":{"start":{"line":241,"column":0},"end":{"line":241,"column":37}},"241":{"start":{"line":242,"column":0},"end":{"line":242,"column":38}},"242":{"start":{"line":243,"column":0},"end":{"line":243,"column":36}},"243":{"start":{"line":244,"column":0},"end":{"line":244,"column":5}},"244":{"start":{"line":245,"column":0},"end":{"line":245,"column":58}},"245":{"start":{"line":246,"column":0},"end":{"line":246,"column":59}},"246":{"start":{"line":247,"column":0},"end":{"line":247,"column":51}},"247":{"start":{"line":248,"column":0},"end":{"line":248,"column":33}},"248":{"start":{"line":249,"column":0},"end":{"line":249,"column":45}},"249":{"start":{"line":250,"column":0},"end":{"line":250,"column":26}},"250":{"start":{"line":251,"column":0},"end":{"line":251,"column":3}},"251":{"start":{"line":252,"column":0},"end":{"line":252,"column":0}},"252":{"start":{"line":253,"column":0},"end":{"line":253,"column":5}},"253":{"start":{"line":254,"column":0},"end":{"line":254,"column":28}},"254":{"start":{"line":255,"column":0},"end":{"line":255,"column":39}},"255":{"start":{"line":256,"column":0},"end":{"line":256,"column":53}},"256":{"start":{"line":257,"column":0},"end":{"line":257,"column":5}},"257":{"start":{"line":258,"column":0},"end":{"line":258,"column":30}},"258":{"start":{"line":259,"column":0},"end":{"line":259,"column":9}},"259":{"start":{"line":260,"column":0},"end":{"line":260,"column":34}},"260":{"start":{"line":261,"column":0},"end":{"line":261,"column":57}},"261":{"start":{"line":262,"column":0},"end":{"line":262,"column":32}},"262":{"start":{"line":263,"column":0},"end":{"line":263,"column":28}},"263":{"start":{"line":264,"column":0},"end":{"line":264,"column":13}},"264":{"start":{"line":265,"column":0},"end":{"line":265,"column":18}},"265":{"start":{"line":266,"column":0},"end":{"line":266,"column":5}},"266":{"start":{"line":267,"column":0},"end":{"line":267,"column":3}},"267":{"start":{"line":268,"column":0},"end":{"line":268,"column":0}},"268":{"start":{"line":269,"column":0},"end":{"line":269,"column":10}},"269":{"start":{"line":270,"column":0},"end":{"line":270,"column":13}},"270":{"start":{"line":271,"column":0},"end":{"line":271,"column":21}},"271":{"start":{"line":272,"column":0},"end":{"line":272,"column":10}},"272":{"start":{"line":273,"column":0},"end":{"line":273,"column":21}},"273":{"start":{"line":274,"column":0},"end":{"line":274,"column":19}},"274":{"start":{"line":275,"column":0},"end":{"line":275,"column":16}},"275":{"start":{"line":276,"column":0},"end":{"line":276,"column":4}},"276":{"start":{"line":277,"column":0},"end":{"line":277,"column":1}}},"s":{"0":1,"1":1,"2":1,"3":1,"4":1,"5":1,"6":1,"7":1,"8":1,"9":1,"10":1,"11":1,"12":1,"13":1,"14":1,"15":1,"16":1,"17":1,"18":1,"19":1,"20":1,"21":1,"22":1,"23":1,"24":1,"25":1,"26":1,"27":1,"28":1,"29":1,"30":1,"31":1,"32":1,"33":1,"34":1,"35":1,"36":1,"37":1,"38":1,"39":1,"40":1,"41":1,"42":21,"43":4,"44":4,"45":17,"46":17,"47":17,"48":21,"49":21,"50":21,"51":21,"52":21,"53":1,"54":1,"55":1,"56":1,"57":1,"58":1,"59":1,"60":14,"61":2,"62":2,"63":12,"64":12,"65":12,"66":12,"67":12,"68":12,"69":12,"70":12,"71":0,"72":0,"73":0,"74":14,"75":1,"76":1,"77":1,"78":1,"79":1,"80":1,"81":1,"82":11,"83":3,"84":3,"85":8,"86":8,"87":8,"88":8,"89":8,"90":8,"91":11,"92":0,"93":0,"94":0,"95":7,"96":7,"97":7,"98":7,"99":11,"100":1,"101":1,"102":5,"103":5,"104":11,"105":3,"106":1,"107":1,"108":2,"109":2,"110":11,"111":1,"112":1,"113":1,"114":1,"115":1,"116":1,"117":1,"118":9,"119":9,"120":9,"121":1,"122":1,"123":8,"124":9,"125":1,"126":1,"127":8,"128":9,"129":1,"130":9,"131":2,"132":2,"133":8,"134":9,"135":1,"136":1,"137":8,"138":8,"139":8,"140":8,"141":8,"142":9,"143":1,"144":1,"145":1,"146":1,"147":1,"148":1,"149":1,"150":1,"151":7,"152":3,"153":3,"154":4,"155":4,"156":4,"157":7,"158":1,"159":1,"160":1,"161":1,"162":1,"163":1,"164":1,"165":16,"166":16,"167":16,"168":16,"169":16,"170":16,"171":16,"172":16,"173":16,"174":4,"175":4,"176":4,"177":4,"178":4,"179":4,"180":1,"181":1,"182":1,"183":1,"184":1,"185":3,"186":3,"187":3,"188":4,"189":16,"190":16,"191":16,"192":16,"193":16,"194":16,"195":16,"196":16,"197":16,"198":2,"199":2,"200":2,"201":2,"202":2,"203":2,"204":1,"205":1,"206":1,"207":1,"208":1,"209":2,"210":2,"211":2,"212":16,"213":16,"214":16,"215":16,"216":16,"217":16,"218":16,"219":4,"220":4,"221":4,"222":4,"223":1,"224":1,"225":2,"226":2,"227":4,"228":16,"229":16,"230":16,"231":16,"232":16,"233":16,"234":2,"235":2,"236":16,"237":16,"238":16,"239":16,"240":16,"241":16,"242":16,"243":16,"244":16,"245":3,"246":3,"247":3,"248":3,"249":3,"250":3,"251":16,"252":16,"253":16,"254":16,"255":16,"256":16,"257":16,"258":3,"259":3,"260":3,"261":3,"262":1,"263":1,"264":1,"265":1,"266":3,"267":16,"268":16,"269":16,"270":16,"271":16,"272":16,"273":16,"274":16,"275":16,"276":16},"branchMap":{"0":{"type":"branch","line":1,"loc":{"start":{"line":1,"column":0},"end":{"line":277,"column":1}},"locations":[{"start":{"line":1,"column":0},"end":{"line":277,"column":1}}]},"1":{"type":"branch","line":42,"loc":{"start":{"line":42,"column":7},"end":{"line":53,"column":1}},"locations":[{"start":{"line":42,"column":7},"end":{"line":53,"column":1}}]},"2":{"type":"branch","line":43,"loc":{"start":{"line":43,"column":14},"end":{"line":43,"column":43}},"locations":[{"start":{"line":43,"column":14},"end":{"line":43,"column":43}}]},"3":{"type":"branch","line":43,"loc":{"start":{"line":43,"column":45},"end":{"line":45,"column":3}},"locations":[{"start":{"line":43,"column":45},"end":{"line":45,"column":3}}]},"4":{"type":"branch","line":46,"loc":{"start":{"line":46,"column":-1},"end":{"line":49,"column":41}},"locations":[{"start":{"line":46,"column":-1},"end":{"line":49,"column":41}}]},"5":{"type":"branch","line":49,"loc":{"start":{"line":49,"column":41},"end":{"line":49,"column":48}},"locations":[{"start":{"line":49,"column":41},"end":{"line":49,"column":48}}]},"6":{"type":"branch","line":60,"loc":{"start":{"line":60,"column":7},"end":{"line":75,"column":1}},"locations":[{"start":{"line":60,"column":7},"end":{"line":75,"column":1}}]},"7":{"type":"branch","line":61,"loc":{"start":{"line":61,"column":19},"end":{"line":61,"column":41}},"locations":[{"start":{"line":61,"column":19},"end":{"line":61,"column":41}}]},"8":{"type":"branch","line":61,"loc":{"start":{"line":61,"column":43},"end":{"line":63,"column":3}},"locations":[{"start":{"line":61,"column":43},"end":{"line":63,"column":3}}]},"9":{"type":"branch","line":64,"loc":{"start":{"line":64,"column":-1},"end":{"line":71,"column":3}},"locations":[{"start":{"line":64,"column":-1},"end":{"line":71,"column":3}}]},"10":{"type":"branch","line":72,"loc":{"start":{"line":72,"column":-1},"end":{"line":75,"column":0}},"locations":[{"start":{"line":72,"column":-1},"end":{"line":75,"column":0}}]},"11":{"type":"branch","line":82,"loc":{"start":{"line":82,"column":7},"end":{"line":111,"column":1}},"locations":[{"start":{"line":82,"column":7},"end":{"line":111,"column":1}}]},"12":{"type":"branch","line":83,"loc":{"start":{"line":83,"column":15},"end":{"line":83,"column":45}},"locations":[{"start":{"line":83,"column":15},"end":{"line":83,"column":45}}]},"13":{"type":"branch","line":83,"loc":{"start":{"line":83,"column":47},"end":{"line":85,"column":3}},"locations":[{"start":{"line":83,"column":47},"end":{"line":85,"column":3}}]},"14":{"type":"branch","line":86,"loc":{"start":{"line":86,"column":-1},"end":{"line":92,"column":5}},"locations":[{"start":{"line":86,"column":-1},"end":{"line":92,"column":5}}]},"15":{"type":"branch","line":92,"loc":{"start":{"line":92,"column":5},"end":{"line":95,"column":5}},"locations":[{"start":{"line":92,"column":5},"end":{"line":95,"column":5}}]},"16":{"type":"branch","line":96,"loc":{"start":{"line":96,"column":-1},"end":{"line":100,"column":22}},"locations":[{"start":{"line":96,"column":-1},"end":{"line":100,"column":22}}]},"17":{"type":"branch","line":100,"loc":{"start":{"line":100,"column":22},"end":{"line":102,"column":5}},"locations":[{"start":{"line":100,"column":22},"end":{"line":102,"column":5}}]},"18":{"type":"branch","line":103,"loc":{"start":{"line":103,"column":-1},"end":{"line":105,"column":4}},"locations":[{"start":{"line":103,"column":-1},"end":{"line":105,"column":4}}]},"19":{"type":"branch","line":105,"loc":{"start":{"line":105,"column":4},"end":{"line":110,"column":3}},"locations":[{"start":{"line":105,"column":4},"end":{"line":110,"column":3}}]},"20":{"type":"branch","line":106,"loc":{"start":{"line":106,"column":42},"end":{"line":108,"column":5}},"locations":[{"start":{"line":106,"column":42},"end":{"line":108,"column":5}}]},"21":{"type":"branch","line":109,"loc":{"start":{"line":109,"column":-1},"end":{"line":110,"column":3}},"locations":[{"start":{"line":109,"column":-1},"end":{"line":110,"column":3}}]},"22":{"type":"branch","line":118,"loc":{"start":{"line":118,"column":7},"end":{"line":143,"column":1}},"locations":[{"start":{"line":118,"column":7},"end":{"line":143,"column":1}}]},"23":{"type":"branch","line":121,"loc":{"start":{"line":121,"column":20},"end":{"line":123,"column":3}},"locations":[{"start":{"line":121,"column":20},"end":{"line":123,"column":3}}]},"24":{"type":"branch","line":124,"loc":{"start":{"line":124,"column":-1},"end":{"line":125,"column":26}},"locations":[{"start":{"line":124,"column":-1},"end":{"line":125,"column":26}}]},"25":{"type":"branch","line":125,"loc":{"start":{"line":125,"column":26},"end":{"line":125,"column":67}},"locations":[{"start":{"line":125,"column":26},"end":{"line":125,"column":67}}]},"26":{"type":"branch","line":125,"loc":{"start":{"line":125,"column":69},"end":{"line":127,"column":3}},"locations":[{"start":{"line":125,"column":69},"end":{"line":127,"column":3}}]},"27":{"type":"branch","line":128,"loc":{"start":{"line":128,"column":-1},"end":{"line":129,"column":28}},"locations":[{"start":{"line":128,"column":-1},"end":{"line":129,"column":28}}]},"28":{"type":"branch","line":129,"loc":{"start":{"line":129,"column":28},"end":{"line":131,"column":3}},"locations":[{"start":{"line":129,"column":28},"end":{"line":131,"column":3}}]},"29":{"type":"branch","line":131,"loc":{"start":{"line":131,"column":3},"end":{"line":133,"column":3}},"locations":[{"start":{"line":131,"column":3},"end":{"line":133,"column":3}}]},"30":{"type":"branch","line":131,"loc":{"start":{"line":131,"column":55},"end":{"line":133,"column":3}},"locations":[{"start":{"line":131,"column":55},"end":{"line":133,"column":3}}]},"31":{"type":"branch","line":134,"loc":{"start":{"line":134,"column":-1},"end":{"line":135,"column":29}},"locations":[{"start":{"line":134,"column":-1},"end":{"line":135,"column":29}}]},"32":{"type":"branch","line":135,"loc":{"start":{"line":135,"column":29},"end":{"line":135,"column":73}},"locations":[{"start":{"line":135,"column":29},"end":{"line":135,"column":73}}]},"33":{"type":"branch","line":135,"loc":{"start":{"line":135,"column":75},"end":{"line":137,"column":3}},"locations":[{"start":{"line":135,"column":75},"end":{"line":137,"column":3}}]},"34":{"type":"branch","line":138,"loc":{"start":{"line":138,"column":-1},"end":{"line":143,"column":0}},"locations":[{"start":{"line":138,"column":-1},"end":{"line":143,"column":0}}]},"35":{"type":"branch","line":151,"loc":{"start":{"line":151,"column":7},"end":{"line":158,"column":1}},"locations":[{"start":{"line":151,"column":7},"end":{"line":158,"column":1}}]},"36":{"type":"branch","line":152,"loc":{"start":{"line":152,"column":19},"end":{"line":152,"column":44}},"locations":[{"start":{"line":152,"column":19},"end":{"line":152,"column":44}}]},"37":{"type":"branch","line":152,"loc":{"start":{"line":152,"column":46},"end":{"line":154,"column":3}},"locations":[{"start":{"line":152,"column":46},"end":{"line":154,"column":3}}]},"38":{"type":"branch","line":155,"loc":{"start":{"line":155,"column":-1},"end":{"line":158,"column":0}},"locations":[{"start":{"line":155,"column":-1},"end":{"line":158,"column":0}}]},"39":{"type":"branch","line":165,"loc":{"start":{"line":165,"column":7},"end":{"line":277,"column":1}},"locations":[{"start":{"line":165,"column":7},"end":{"line":277,"column":1}}]},"40":{"type":"branch","line":174,"loc":{"start":{"line":174,"column":2},"end":{"line":189,"column":3}},"locations":[{"start":{"line":174,"column":2},"end":{"line":189,"column":3}}]},"41":{"type":"branch","line":180,"loc":{"start":{"line":180,"column":18},"end":{"line":180,"column":40}},"locations":[{"start":{"line":180,"column":18},"end":{"line":180,"column":40}}]},"42":{"type":"branch","line":180,"loc":{"start":{"line":180,"column":42},"end":{"line":185,"column":5}},"locations":[{"start":{"line":180,"column":42},"end":{"line":185,"column":5}}]},"43":{"type":"branch","line":186,"loc":{"start":{"line":186,"column":-1},"end":{"line":189,"column":2}},"locations":[{"start":{"line":186,"column":-1},"end":{"line":189,"column":2}}]},"44":{"type":"branch","line":198,"loc":{"start":{"line":198,"column":2},"end":{"line":212,"column":3}},"locations":[{"start":{"line":198,"column":2},"end":{"line":212,"column":3}}]},"45":{"type":"branch","line":204,"loc":{"start":{"line":204,"column":18},"end":{"line":204,"column":39}},"locations":[{"start":{"line":204,"column":18},"end":{"line":204,"column":39}}]},"46":{"type":"branch","line":204,"loc":{"start":{"line":204,"column":41},"end":{"line":209,"column":5}},"locations":[{"start":{"line":204,"column":41},"end":{"line":209,"column":5}}]},"47":{"type":"branch","line":219,"loc":{"start":{"line":219,"column":2},"end":{"line":228,"column":3}},"locations":[{"start":{"line":219,"column":2},"end":{"line":228,"column":3}}]},"48":{"type":"branch","line":223,"loc":{"start":{"line":223,"column":27},"end":{"line":225,"column":5}},"locations":[{"start":{"line":223,"column":27},"end":{"line":225,"column":5}}]},"49":{"type":"branch","line":226,"loc":{"start":{"line":226,"column":-1},"end":{"line":228,"column":2}},"locations":[{"start":{"line":226,"column":-1},"end":{"line":228,"column":2}}]},"50":{"type":"branch","line":234,"loc":{"start":{"line":234,"column":2},"end":{"line":236,"column":3}},"locations":[{"start":{"line":234,"column":2},"end":{"line":236,"column":3}}]},"51":{"type":"branch","line":245,"loc":{"start":{"line":245,"column":2},"end":{"line":251,"column":3}},"locations":[{"start":{"line":245,"column":2},"end":{"line":251,"column":3}}]},"52":{"type":"branch","line":258,"loc":{"start":{"line":258,"column":2},"end":{"line":267,"column":3}},"locations":[{"start":{"line":258,"column":2},"end":{"line":267,"column":3}}]},"53":{"type":"branch","line":262,"loc":{"start":{"line":262,"column":20},"end":{"line":266,"column":5}},"locations":[{"start":{"line":262,"column":20},"end":{"line":266,"column":5}}]}},"b":{"0":[1],"1":[21],"2":[18],"3":[4],"4":[17],"5":[14],"6":[14],"7":[13],"8":[2],"9":[12],"10":[0],"11":[11],"12":[9],"13":[3],"14":[8],"15":[0],"16":[7],"17":[1],"18":[5],"19":[3],"20":[1],"21":[2],"22":[9],"23":[1],"24":[8],"25":[7],"26":[1],"27":[8],"28":[1],"29":[7],"30":[2],"31":[8],"32":[7],"33":[1],"34":[8],"35":[7],"36":[5],"37":[3],"38":[4],"39":[16],"40":[4],"41":[1],"42":[1],"43":[3],"44":[2],"45":[1],"46":[1],"47":[4],"48":[1],"49":[2],"50":[2],"51":[3],"52":[3],"53":[1]},"fnMap":{"0":{"name":"createSessionData","decl":{"start":{"line":42,"column":7},"end":{"line":53,"column":1}},"loc":{"start":{"line":42,"column":7},"end":{"line":53,"column":1}},"line":42},"1":{"name":"encodeSessionData","decl":{"start":{"line":60,"column":7},"end":{"line":75,"column":1}},"loc":{"start":{"line":60,"column":7},"end":{"line":75,"column":1}},"line":60},"2":{"name":"decodeSessionData","decl":{"start":{"line":82,"column":7},"end":{"line":111,"column":1}},"loc":{"start":{"line":82,"column":7},"end":{"line":111,"column":1}},"line":82},"3":{"name":"validateSessionData","decl":{"start":{"line":118,"column":7},"end":{"line":143,"column":1}},"loc":{"start":{"line":118,"column":7},"end":{"line":143,"column":1}},"line":118},"4":{"name":"isSessionExpired","decl":{"start":{"line":151,"column":7},"end":{"line":158,"column":1}},"loc":{"start":{"line":151,"column":7},"end":{"line":158,"column":1}},"line":151},"5":{"name":"createQRManager","decl":{"start":{"line":165,"column":7},"end":{"line":277,"column":1}},"loc":{"start":{"line":165,"column":7},"end":{"line":277,"column":1}},"line":165},"6":{"name":"generate","decl":{"start":{"line":174,"column":2},"end":{"line":189,"column":3}},"loc":{"start":{"line":174,"column":2},"end":{"line":189,"column":3}},"line":174},"7":{"name":"generateToCanvas","decl":{"start":{"line":198,"column":2},"end":{"line":212,"column":3}},"loc":{"start":{"line":198,"column":2},"end":{"line":212,"column":3}},"line":198},"8":{"name":"parse","decl":{"start":{"line":219,"column":2},"end":{"line":228,"column":3}},"loc":{"start":{"line":219,"column":2},"end":{"line":228,"column":3}},"line":219},"9":{"name":"getLastGenerated","decl":{"start":{"line":234,"column":2},"end":{"line":236,"column":3}},"loc":{"start":{"line":234,"column":2},"end":{"line":236,"column":3}},"line":234},"10":{"name":"createShareUrl","decl":{"start":{"line":245,"column":2},"end":{"line":251,"column":3}},"loc":{"start":{"line":245,"column":2},"end":{"line":251,"column":3}},"line":245},"11":{"name":"parseFromUrl","decl":{"start":{"line":258,"column":2},"end":{"line":267,"column":3}},"loc":{"start":{"line":258,"column":2},"end":{"line":267,"column":3}},"line":258}},"f":{"0":21,"1":14,"2":11,"3":9,"4":7,"5":16,"6":4,"7":2,"8":4,"9":2,"10":3,"11":3}}
,"/home/mike-diker/git-repos/P2P_study/src/modules/scanner.js": {"path":"/home/mike-diker/git-repos/P2P_study/src/modules/scanner.js","all":false,"statementMap":{"0":{"start":{"line":1,"column":0},"end":{"line":1,"column":3}},"1":{"start":{"line":2,"column":0},"end":{"line":2,"column":20}},"2":{"start":{"line":3,"column":0},"end":{"line":3,"column":60}},"3":{"start":{"line":4,"column":0},"end":{"line":4,"column":3}},"4":{"start":{"line":5,"column":0},"end":{"line":5,"column":18}},"5":{"start":{"line":6,"column":0},"end":{"line":6,"column":3}},"6":{"start":{"line":7,"column":0},"end":{"line":7,"column":0}},"7":{"start":{"line":8,"column":0},"end":{"line":8,"column":3}},"8":{"start":{"line":9,"column":0},"end":{"line":9,"column":17}},"9":{"start":{"line":10,"column":0},"end":{"line":10,"column":3}},"10":{"start":{"line":11,"column":0},"end":{"line":11,"column":29}},"11":{"start":{"line":12,"column":0},"end":{"line":12,"column":15}},"12":{"start":{"line":13,"column":0},"end":{"line":13,"column":23}},"13":{"start":{"line":14,"column":0},"end":{"line":14,"column":23}},"14":{"start":{"line":15,"column":0},"end":{"line":15,"column":21}},"15":{"start":{"line":16,"column":0},"end":{"line":16,"column":16}},"16":{"start":{"line":17,"column":0},"end":{"line":17,"column":2}},"17":{"start":{"line":18,"column":0},"end":{"line":18,"column":0}},"18":{"start":{"line":19,"column":0},"end":{"line":19,"column":3}},"19":{"start":{"line":20,"column":0},"end":{"line":20,"column":28}},"20":{"start":{"line":21,"column":0},"end":{"line":21,"column":44}},"21":{"start":{"line":22,"column":0},"end":{"line":22,"column":70}},"22":{"start":{"line":23,"column":0},"end":{"line":23,"column":64}},"23":{"start":{"line":24,"column":0},"end":{"line":24,"column":80}},"24":{"start":{"line":25,"column":0},"end":{"line":25,"column":73}},"25":{"start":{"line":26,"column":0},"end":{"line":26,"column":82}},"26":{"start":{"line":27,"column":0},"end":{"line":27,"column":80}},"27":{"start":{"line":28,"column":0},"end":{"line":28,"column":37}},"28":{"start":{"line":29,"column":0},"end":{"line":29,"column":3}},"29":{"start":{"line":30,"column":0},"end":{"line":30,"column":47}},"30":{"start":{"line":31,"column":0},"end":{"line":31,"column":32}},"31":{"start":{"line":32,"column":0},"end":{"line":32,"column":25}},"32":{"start":{"line":33,"column":0},"end":{"line":33,"column":26}},"33":{"start":{"line":34,"column":0},"end":{"line":34,"column":27}},"34":{"start":{"line":35,"column":0},"end":{"line":35,"column":27}},"35":{"start":{"line":36,"column":0},"end":{"line":36,"column":30}},"36":{"start":{"line":37,"column":0},"end":{"line":37,"column":25}},"37":{"start":{"line":38,"column":0},"end":{"line":38,"column":50}},"38":{"start":{"line":39,"column":0},"end":{"line":39,"column":0}},"39":{"start":{"line":40,"column":0},"end":{"line":40,"column":21}},"40":{"start":{"line":41,"column":0},"end":{"line":41,"column":41}},"41":{"start":{"line":42,"column":0},"end":{"line":42,"column":43}},"42":{"start":{"line":43,"column":0},"end":{"line":43,"column":54}},"43":{"start":{"line":44,"column":0},"end":{"line":44,"column":4}},"44":{"start":{"line":45,"column":0},"end":{"line":45,"column":0}},"45":{"start":{"line":46,"column":0},"end":{"line":46,"column":67}},"46":{"start":{"line":47,"column":0},"end":{"line":47,"column":37}},"47":{"start":{"line":48,"column":0},"end":{"line":48,"column":2}},"48":{"start":{"line":49,"column":0},"end":{"line":49,"column":47}},"49":{"start":{"line":50,"column":0},"end":{"line":50,"column":89}},"50":{"start":{"line":51,"column":0},"end":{"line":51,"column":86}},"51":{"start":{"line":52,"column":0},"end":{"line":52,"column":0}},"52":{"start":{"line":53,"column":0},"end":{"line":53,"column":5}},"53":{"start":{"line":54,"column":0},"end":{"line":54,"column":26}},"54":{"start":{"line":55,"column":0},"end":{"line":55,"column":41}},"55":{"start":{"line":56,"column":0},"end":{"line":56,"column":5}},"56":{"start":{"line":57,"column":0},"end":{"line":57,"column":31}},"57":{"start":{"line":58,"column":0},"end":{"line":58,"column":29}},"58":{"start":{"line":59,"column":0},"end":{"line":59,"column":23}},"59":{"start":{"line":60,"column":0},"end":{"line":60,"column":40}},"60":{"start":{"line":61,"column":0},"end":{"line":61,"column":5}},"61":{"start":{"line":62,"column":0},"end":{"line":62,"column":3}},"62":{"start":{"line":63,"column":0},"end":{"line":63,"column":0}},"63":{"start":{"line":64,"column":0},"end":{"line":64,"column":5}},"64":{"start":{"line":65,"column":0},"end":{"line":65,"column":51}},"65":{"start":{"line":66,"column":0},"end":{"line":66,"column":47}},"66":{"start":{"line":67,"column":0},"end":{"line":67,"column":5}},"67":{"start":{"line":68,"column":0},"end":{"line":68,"column":29}},"68":{"start":{"line":69,"column":0},"end":{"line":69,"column":32}},"69":{"start":{"line":70,"column":0},"end":{"line":70,"column":4}},"70":{"start":{"line":71,"column":0},"end":{"line":71,"column":53}},"71":{"start":{"line":72,"column":0},"end":{"line":72,"column":55}},"72":{"start":{"line":73,"column":0},"end":{"line":73,"column":28}},"73":{"start":{"line":74,"column":0},"end":{"line":74,"column":21}},"74":{"start":{"line":75,"column":0},"end":{"line":75,"column":5}},"75":{"start":{"line":76,"column":0},"end":{"line":76,"column":0}},"76":{"start":{"line":77,"column":0},"end":{"line":77,"column":21}},"77":{"start":{"line":78,"column":0},"end":{"line":78,"column":9}},"78":{"start":{"line":79,"column":0},"end":{"line":79,"column":63}},"79":{"start":{"line":80,"column":0},"end":{"line":80,"column":31}},"80":{"start":{"line":81,"column":0},"end":{"line":81,"column":21}},"81":{"start":{"line":82,"column":0},"end":{"line":82,"column":21}},"82":{"start":{"line":83,"column":0},"end":{"line":83,"column":71}},"83":{"start":{"line":84,"column":0},"end":{"line":84,"column":5}},"84":{"start":{"line":85,"column":0},"end":{"line":85,"column":3}},"85":{"start":{"line":86,"column":0},"end":{"line":86,"column":0}},"86":{"start":{"line":87,"column":0},"end":{"line":87,"column":5}},"87":{"start":{"line":88,"column":0},"end":{"line":88,"column":27}},"88":{"start":{"line":89,"column":0},"end":{"line":89,"column":81}},"89":{"start":{"line":90,"column":0},"end":{"line":90,"column":50}},"90":{"start":{"line":91,"column":0},"end":{"line":91,"column":5}},"91":{"start":{"line":92,"column":0},"end":{"line":92,"column":60}},"92":{"start":{"line":93,"column":0},"end":{"line":93,"column":70}},"93":{"start":{"line":94,"column":0},"end":{"line":94,"column":66}},"94":{"start":{"line":95,"column":0},"end":{"line":95,"column":5}},"95":{"start":{"line":96,"column":0},"end":{"line":96,"column":0}},"96":{"start":{"line":97,"column":0},"end":{"line":97,"column":9}},"97":{"start":{"line":98,"column":0},"end":{"line":98,"column":58}},"98":{"start":{"line":99,"column":0},"end":{"line":99,"column":16}},"99":{"start":{"line":100,"column":0},"end":{"line":100,"column":33}},"100":{"start":{"line":101,"column":0},"end":{"line":101,"column":33}},"101":{"start":{"line":102,"column":0},"end":{"line":102,"column":32}},"102":{"start":{"line":103,"column":0},"end":{"line":103,"column":9}},"103":{"start":{"line":104,"column":0},"end":{"line":104,"column":9}},"104":{"start":{"line":105,"column":0},"end":{"line":105,"column":20}},"105":{"start":{"line":106,"column":0},"end":{"line":106,"column":21}},"106":{"start":{"line":107,"column":0},"end":{"line":107,"column":45}},"107":{"start":{"line":108,"column":0},"end":{"line":108,"column":52}},"108":{"start":{"line":109,"column":0},"end":{"line":109,"column":50}},"109":{"start":{"line":110,"column":0},"end":{"line":110,"column":43}},"110":{"start":{"line":111,"column":0},"end":{"line":111,"column":7}},"111":{"start":{"line":112,"column":0},"end":{"line":112,"column":67}},"112":{"start":{"line":113,"column":0},"end":{"line":113,"column":5}},"113":{"start":{"line":114,"column":0},"end":{"line":114,"column":3}},"114":{"start":{"line":115,"column":0},"end":{"line":115,"column":0}},"115":{"start":{"line":116,"column":0},"end":{"line":116,"column":5}},"116":{"start":{"line":117,"column":0},"end":{"line":117,"column":26}},"117":{"start":{"line":118,"column":0},"end":{"line":118,"column":75}},"118":{"start":{"line":119,"column":0},"end":{"line":119,"column":79}},"119":{"start":{"line":120,"column":0},"end":{"line":120,"column":29}},"120":{"start":{"line":121,"column":0},"end":{"line":121,"column":5}},"121":{"start":{"line":122,"column":0},"end":{"line":122,"column":46}},"122":{"start":{"line":123,"column":0},"end":{"line":123,"column":21}},"123":{"start":{"line":124,"column":0},"end":{"line":124,"column":13}},"124":{"start":{"line":125,"column":0},"end":{"line":125,"column":5}},"125":{"start":{"line":126,"column":0},"end":{"line":126,"column":0}},"126":{"start":{"line":127,"column":0},"end":{"line":127,"column":36}},"127":{"start":{"line":128,"column":0},"end":{"line":128,"column":0}},"128":{"start":{"line":129,"column":0},"end":{"line":129,"column":9}},"129":{"start":{"line":130,"column":0},"end":{"line":130,"column":28}},"130":{"start":{"line":131,"column":0},"end":{"line":131,"column":23}},"131":{"start":{"line":132,"column":0},"end":{"line":132,"column":0}},"132":{"start":{"line":133,"column":0},"end":{"line":133,"column":26}},"133":{"start":{"line":134,"column":0},"end":{"line":134,"column":42}},"134":{"start":{"line":135,"column":0},"end":{"line":135,"column":6}},"135":{"start":{"line":136,"column":0},"end":{"line":136,"column":29}},"136":{"start":{"line":137,"column":0},"end":{"line":137,"column":27}},"137":{"start":{"line":138,"column":0},"end":{"line":138,"column":43}},"138":{"start":{"line":139,"column":0},"end":{"line":139,"column":55}},"139":{"start":{"line":140,"column":0},"end":{"line":140,"column":6}},"140":{"start":{"line":141,"column":0},"end":{"line":141,"column":46}},"141":{"start":{"line":142,"column":0},"end":{"line":142,"column":47}},"142":{"start":{"line":143,"column":0},"end":{"line":143,"column":29}},"143":{"start":{"line":144,"column":0},"end":{"line":144,"column":26}},"144":{"start":{"line":145,"column":0},"end":{"line":145,"column":27}},"145":{"start":{"line":146,"column":0},"end":{"line":146,"column":10}},"146":{"start":{"line":147,"column":0},"end":{"line":147,"column":38}},"147":{"start":{"line":148,"column":0},"end":{"line":148,"column":9}},"148":{"start":{"line":149,"column":0},"end":{"line":149,"column":0}},"149":{"start":{"line":150,"column":0},"end":{"line":150,"column":40}},"150":{"start":{"line":151,"column":0},"end":{"line":151,"column":19}},"151":{"start":{"line":152,"column":0},"end":{"line":152,"column":31}},"152":{"start":{"line":153,"column":0},"end":{"line":153,"column":14}},"153":{"start":{"line":154,"column":0},"end":{"line":154,"column":52}},"154":{"start":{"line":155,"column":0},"end":{"line":155,"column":7}},"155":{"start":{"line":156,"column":0},"end":{"line":156,"column":83}},"156":{"start":{"line":157,"column":0},"end":{"line":157,"column":0}},"157":{"start":{"line":158,"column":0},"end":{"line":158,"column":28}},"158":{"start":{"line":159,"column":0},"end":{"line":159,"column":24}},"159":{"start":{"line":160,"column":0},"end":{"line":160,"column":38}},"160":{"start":{"line":161,"column":0},"end":{"line":161,"column":18}},"161":{"start":{"line":162,"column":0},"end":{"line":162,"column":0}},"162":{"start":{"line":163,"column":0},"end":{"line":163,"column":21}},"163":{"start":{"line":164,"column":0},"end":{"line":164,"column":35}},"164":{"start":{"line":165,"column":0},"end":{"line":165,"column":31}},"165":{"start":{"line":166,"column":0},"end":{"line":166,"column":18}},"166":{"start":{"line":167,"column":0},"end":{"line":167,"column":5}},"167":{"start":{"line":168,"column":0},"end":{"line":168,"column":3}},"168":{"start":{"line":169,"column":0},"end":{"line":169,"column":0}},"169":{"start":{"line":170,"column":0},"end":{"line":170,"column":5}},"170":{"start":{"line":171,"column":0},"end":{"line":171,"column":44}},"171":{"start":{"line":172,"column":0},"end":{"line":172,"column":5}},"172":{"start":{"line":173,"column":0},"end":{"line":173,"column":24}},"173":{"start":{"line":174,"column":0},"end":{"line":174,"column":51}},"174":{"start":{"line":175,"column":0},"end":{"line":175,"column":13}},"175":{"start":{"line":176,"column":0},"end":{"line":176,"column":5}},"176":{"start":{"line":177,"column":0},"end":{"line":177,"column":0}},"177":{"start":{"line":178,"column":0},"end":{"line":178,"column":68}},"178":{"start":{"line":179,"column":0},"end":{"line":179,"column":42}},"179":{"start":{"line":180,"column":0},"end":{"line":180,"column":52}},"180":{"start":{"line":181,"column":0},"end":{"line":181,"column":54}},"181":{"start":{"line":182,"column":0},"end":{"line":182,"column":0}},"182":{"start":{"line":183,"column":0},"end":{"line":183,"column":35}},"183":{"start":{"line":184,"column":0},"end":{"line":184,"column":30}},"184":{"start":{"line":185,"column":0},"end":{"line":185,"column":21}},"185":{"start":{"line":186,"column":0},"end":{"line":186,"column":13}},"186":{"start":{"line":187,"column":0},"end":{"line":187,"column":28}},"187":{"start":{"line":188,"column":0},"end":{"line":188,"column":28}},"188":{"start":{"line":189,"column":0},"end":{"line":189,"column":8}},"189":{"start":{"line":190,"column":0},"end":{"line":190,"column":0}},"190":{"start":{"line":191,"column":0},"end":{"line":191,"column":39}},"191":{"start":{"line":192,"column":0},"end":{"line":192,"column":51}},"192":{"start":{"line":193,"column":0},"end":{"line":193,"column":13}},"193":{"start":{"line":194,"column":0},"end":{"line":194,"column":28}},"194":{"start":{"line":195,"column":0},"end":{"line":195,"column":28}},"195":{"start":{"line":196,"column":0},"end":{"line":196,"column":8}},"196":{"start":{"line":197,"column":0},"end":{"line":197,"column":0}},"197":{"start":{"line":198,"column":0},"end":{"line":198,"column":27}},"198":{"start":{"line":199,"column":0},"end":{"line":199,"column":23}},"199":{"start":{"line":200,"column":0},"end":{"line":200,"column":24}},"200":{"start":{"line":201,"column":0},"end":{"line":201,"column":25}},"201":{"start":{"line":202,"column":0},"end":{"line":202,"column":43}},"202":{"start":{"line":203,"column":0},"end":{"line":203,"column":8}},"203":{"start":{"line":204,"column":0},"end":{"line":204,"column":0}},"204":{"start":{"line":205,"column":0},"end":{"line":205,"column":30}},"205":{"start":{"line":206,"column":0},"end":{"line":206,"column":73}},"206":{"start":{"line":207,"column":0},"end":{"line":207,"column":44}},"207":{"start":{"line":208,"column":0},"end":{"line":208,"column":38}},"208":{"start":{"line":209,"column":0},"end":{"line":209,"column":44}},"209":{"start":{"line":210,"column":0},"end":{"line":210,"column":9}},"210":{"start":{"line":211,"column":0},"end":{"line":211,"column":14}},"211":{"start":{"line":212,"column":0},"end":{"line":212,"column":79}},"212":{"start":{"line":213,"column":0},"end":{"line":213,"column":31}},"213":{"start":{"line":214,"column":0},"end":{"line":214,"column":7}},"214":{"start":{"line":215,"column":0},"end":{"line":215,"column":5}},"215":{"start":{"line":216,"column":0},"end":{"line":216,"column":0}},"216":{"start":{"line":217,"column":0},"end":{"line":217,"column":24}},"217":{"start":{"line":218,"column":0},"end":{"line":218,"column":56}},"218":{"start":{"line":219,"column":0},"end":{"line":219,"column":3}},"219":{"start":{"line":220,"column":0},"end":{"line":220,"column":0}},"220":{"start":{"line":221,"column":0},"end":{"line":221,"column":5}},"221":{"start":{"line":222,"column":0},"end":{"line":222,"column":22}},"222":{"start":{"line":223,"column":0},"end":{"line":223,"column":5}},"223":{"start":{"line":224,"column":0},"end":{"line":224,"column":19}},"224":{"start":{"line":225,"column":0},"end":{"line":225,"column":23}},"225":{"start":{"line":226,"column":0},"end":{"line":226,"column":0}},"226":{"start":{"line":227,"column":0},"end":{"line":227,"column":29}},"227":{"start":{"line":228,"column":0},"end":{"line":228,"column":27}},"228":{"start":{"line":229,"column":0},"end":{"line":229,"column":45}},"229":{"start":{"line":230,"column":0},"end":{"line":230,"column":30}},"230":{"start":{"line":231,"column":0},"end":{"line":231,"column":5}},"231":{"start":{"line":232,"column":0},"end":{"line":232,"column":0}},"232":{"start":{"line":233,"column":0},"end":{"line":233,"column":24}},"233":{"start":{"line":234,"column":0},"end":{"line":234,"column":22}},"234":{"start":{"line":235,"column":0},"end":{"line":235,"column":61}},"235":{"start":{"line":236,"column":0},"end":{"line":236,"column":25}},"236":{"start":{"line":237,"column":0},"end":{"line":237,"column":5}},"237":{"start":{"line":238,"column":0},"end":{"line":238,"column":0}},"238":{"start":{"line":239,"column":0},"end":{"line":239,"column":26}},"239":{"start":{"line":240,"column":0},"end":{"line":240,"column":23}},"240":{"start":{"line":241,"column":0},"end":{"line":241,"column":36}},"241":{"start":{"line":242,"column":0},"end":{"line":242,"column":26}},"242":{"start":{"line":243,"column":0},"end":{"line":243,"column":5}},"243":{"start":{"line":244,"column":0},"end":{"line":244,"column":0}},"244":{"start":{"line":245,"column":0},"end":{"line":245,"column":25}},"245":{"start":{"line":246,"column":0},"end":{"line":246,"column":25}},"246":{"start":{"line":247,"column":0},"end":{"line":247,"column":0}},"247":{"start":{"line":248,"column":0},"end":{"line":248,"column":35}},"248":{"start":{"line":249,"column":0},"end":{"line":249,"column":3}},"249":{"start":{"line":250,"column":0},"end":{"line":250,"column":0}},"250":{"start":{"line":251,"column":0},"end":{"line":251,"column":5}},"251":{"start":{"line":252,"column":0},"end":{"line":252,"column":31}},"252":{"start":{"line":253,"column":0},"end":{"line":253,"column":36}},"253":{"start":{"line":254,"column":0},"end":{"line":254,"column":5}},"254":{"start":{"line":255,"column":0},"end":{"line":255,"column":23}},"255":{"start":{"line":256,"column":0},"end":{"line":256,"column":17}},"256":{"start":{"line":257,"column":0},"end":{"line":257,"column":3}},"257":{"start":{"line":258,"column":0},"end":{"line":258,"column":0}},"258":{"start":{"line":259,"column":0},"end":{"line":259,"column":5}},"259":{"start":{"line":260,"column":0},"end":{"line":260,"column":32}},"260":{"start":{"line":261,"column":0},"end":{"line":261,"column":40}},"261":{"start":{"line":262,"column":0},"end":{"line":262,"column":5}},"262":{"start":{"line":263,"column":0},"end":{"line":263,"column":23}},"263":{"start":{"line":264,"column":0},"end":{"line":264,"column":22}},"264":{"start":{"line":265,"column":0},"end":{"line":265,"column":3}},"265":{"start":{"line":266,"column":0},"end":{"line":266,"column":0}},"266":{"start":{"line":267,"column":0},"end":{"line":267,"column":5}},"267":{"start":{"line":268,"column":0},"end":{"line":268,"column":39}},"268":{"start":{"line":269,"column":0},"end":{"line":269,"column":54}},"269":{"start":{"line":270,"column":0},"end":{"line":270,"column":57}},"270":{"start":{"line":271,"column":0},"end":{"line":271,"column":5}},"271":{"start":{"line":272,"column":0},"end":{"line":272,"column":39}},"272":{"start":{"line":273,"column":0},"end":{"line":273,"column":21}},"273":{"start":{"line":274,"column":0},"end":{"line":274,"column":0}},"274":{"start":{"line":275,"column":0},"end":{"line":275,"column":45}},"275":{"start":{"line":276,"column":0},"end":{"line":276,"column":30}},"276":{"start":{"line":277,"column":0},"end":{"line":277,"column":49}},"277":{"start":{"line":278,"column":0},"end":{"line":278,"column":0}},"278":{"start":{"line":279,"column":0},"end":{"line":279,"column":26}},"279":{"start":{"line":280,"column":0},"end":{"line":280,"column":51}},"280":{"start":{"line":281,"column":0},"end":{"line":281,"column":33}},"281":{"start":{"line":282,"column":0},"end":{"line":282,"column":35}},"282":{"start":{"line":283,"column":0},"end":{"line":283,"column":8}},"283":{"start":{"line":284,"column":0},"end":{"line":284,"column":44}},"284":{"start":{"line":285,"column":0},"end":{"line":285,"column":33}},"285":{"start":{"line":286,"column":0},"end":{"line":286,"column":8}},"286":{"start":{"line":287,"column":0},"end":{"line":287,"column":78}},"287":{"start":{"line":288,"column":0},"end":{"line":288,"column":80}},"288":{"start":{"line":289,"column":0},"end":{"line":289,"column":8}},"289":{"start":{"line":290,"column":0},"end":{"line":290,"column":33}},"290":{"start":{"line":291,"column":0},"end":{"line":291,"column":41}},"291":{"start":{"line":292,"column":0},"end":{"line":292,"column":8}},"292":{"start":{"line":293,"column":0},"end":{"line":293,"column":0}},"293":{"start":{"line":294,"column":0},"end":{"line":294,"column":27}},"294":{"start":{"line":295,"column":0},"end":{"line":295,"column":33}},"295":{"start":{"line":296,"column":0},"end":{"line":296,"column":50}},"296":{"start":{"line":297,"column":0},"end":{"line":297,"column":8}},"297":{"start":{"line":298,"column":0},"end":{"line":298,"column":0}},"298":{"start":{"line":299,"column":0},"end":{"line":299,"column":20}},"299":{"start":{"line":300,"column":0},"end":{"line":300,"column":7}},"300":{"start":{"line":301,"column":0},"end":{"line":301,"column":3}},"301":{"start":{"line":302,"column":0},"end":{"line":302,"column":0}},"302":{"start":{"line":303,"column":0},"end":{"line":303,"column":5}},"303":{"start":{"line":304,"column":0},"end":{"line":304,"column":43}},"304":{"start":{"line":305,"column":0},"end":{"line":305,"column":57}},"305":{"start":{"line":306,"column":0},"end":{"line":306,"column":29}},"306":{"start":{"line":307,"column":0},"end":{"line":307,"column":5}},"307":{"start":{"line":308,"column":0},"end":{"line":308,"column":43}},"308":{"start":{"line":309,"column":0},"end":{"line":309,"column":28}},"309":{"start":{"line":310,"column":0},"end":{"line":310,"column":0}},"310":{"start":{"line":311,"column":0},"end":{"line":311,"column":35}},"311":{"start":{"line":312,"column":0},"end":{"line":312,"column":31}},"312":{"start":{"line":313,"column":0},"end":{"line":313,"column":33}},"313":{"start":{"line":314,"column":0},"end":{"line":314,"column":0}},"314":{"start":{"line":315,"column":0},"end":{"line":315,"column":11}},"315":{"start":{"line":316,"column":0},"end":{"line":316,"column":0}},"316":{"start":{"line":317,"column":0},"end":{"line":317,"column":31}},"317":{"start":{"line":318,"column":0},"end":{"line":318,"column":32}},"318":
[...]
line":287,"column":9}},"287":{"start":{"line":288,"column":0},"end":{"line":288,"column":5}},"288":{"start":{"line":289,"column":0},"end":{"line":289,"column":3}},"289":{"start":{"line":290,"column":0},"end":{"line":290,"column":0}},"290":{"start":{"line":291,"column":0},"end":{"line":291,"column":5}},"291":{"start":{"line":292,"column":0},"end":{"line":292,"column":26}},"292":{"start":{"line":293,"column":0},"end":{"line":293,"column":5}},"293":{"start":{"line":294,"column":0},"end":{"line":294,"column":26}},"294":{"start":{"line":295,"column":0},"end":{"line":295,"column":23}},"295":{"start":{"line":296,"column":0},"end":{"line":296,"column":19}},"296":{"start":{"line":297,"column":0},"end":{"line":297,"column":24}},"297":{"start":{"line":298,"column":0},"end":{"line":298,"column":3}},"298":{"start":{"line":299,"column":0},"end":{"line":299,"column":0}},"299":{"start":{"line":300,"column":0},"end":{"line":300,"column":5}},"300":{"start":{"line":301,"column":0},"end":{"line":301,"column":25}},"301":{"start":{"line":302,"column":0},"end":{"line":302,"column":5}},"302":{"start":{"line":303,"column":0},"end":{"line":303,"column":25}},"303":{"start":{"line":304,"column":0},"end":{"line":304,"column":24}},"304":{"start":{"line":305,"column":0},"end":{"line":305,"column":3}},"305":{"start":{"line":306,"column":0},"end":{"line":306,"column":0}},"306":{"start":{"line":307,"column":0},"end":{"line":307,"column":5}},"307":{"start":{"line":308,"column":0},"end":{"line":308,"column":34}},"308":{"start":{"line":309,"column":0},"end":{"line":309,"column":39}},"309":{"start":{"line":310,"column":0},"end":{"line":310,"column":5}},"310":{"start":{"line":311,"column":0},"end":{"line":311,"column":23}},"311":{"start":{"line":312,"column":0},"end":{"line":312,"column":23}},"312":{"start":{"line":313,"column":0},"end":{"line":313,"column":3}},"313":{"start":{"line":314,"column":0},"end":{"line":314,"column":0}},"314":{"start":{"line":315,"column":0},"end":{"line":315,"column":5}},"315":{"start":{"line":316,"column":0},"end":{"line":316,"column":21}},"316":{"start":{"line":317,"column":0},"end":{"line":317,"column":49}},"317":{"start":{"line":318,"column":0},"end":{"line":318,"column":5}},"318":{"start":{"line":319,"column":0},"end":{"line":319,"column":28}},"319":{"start":{"line":320,"column":0},"end":{"line":320,"column":22}},"320":{"start":{"line":321,"column":0},"end":{"line":321,"column":3}},"321":{"start":{"line":322,"column":0},"end":{"line":322,"column":0}},"322":{"start":{"line":323,"column":0},"end":{"line":323,"column":10}},"323":{"start":{"line":324,"column":0},"end":{"line":324,"column":12}},"324":{"start":{"line":325,"column":0},"end":{"line":325,"column":16}},"325":{"start":{"line":326,"column":0},"end":{"line":326,"column":15}},"326":{"start":{"line":327,"column":0},"end":{"line":327,"column":13}},"327":{"start":{"line":328,"column":0},"end":{"line":328,"column":17}},"328":{"start":{"line":329,"column":0},"end":{"line":329,"column":4}},"329":{"start":{"line":330,"column":0},"end":{"line":330,"column":1}}},"s":{"0":1,"1":1,"2":1,"3":1,"4":1,"5":1,"6":1,"7":1,"8":1,"9":1,"10":1,"11":1,"12":1,"13":1,"14":1,"15":1,"16":1,"17":1,"18":1,"19":1,"20":1,"21":1,"22":1,"23":5,"24":5,"25":5,"26":5,"27":1,"28":1,"29":1,"30":1,"31":1,"32":1,"33":1,"34":4,"35":4,"36":4,"37":4,"38":1,"39":1,"40":1,"41":1,"42":1,"43":1,"44":1,"45":1,"46":1,"47":40,"48":40,"49":40,"50":40,"51":40,"52":40,"53":40,"54":40,"55":40,"56":40,"57":40,"58":40,"59":40,"60":40,"61":40,"62":40,"63":40,"64":40,"65":40,"66":40,"67":2,"68":2,"69":2,"70":40,"71":40,"72":40,"73":40,"74":40,"75":40,"76":40,"77":51,"78":51,"79":40,"80":40,"81":40,"82":40,"83":40,"84":40,"85":40,"86":38,"87":2,"88":2,"89":36,"90":36,"91":36,"92":36,"93":36,"94":36,"95":36,"96":36,"97":36,"98":36,"99":36,"100":36,"101":36,"102":36,"103":38,"104":40,"105":40,"106":40,"107":40,"108":40,"109":40,"110":40,"111":5,"112":1,"113":1,"114":4,"115":4,"116":4,"117":4,"118":4,"119":4,"120":4,"121":4,"122":4,"123":4,"124":4,"125":4,"126":4,"127":4,"128":5,"129":40,"130":40,"131":40,"132":40,"133":40,"134":40,"135":18,"136":18,"137":40,"138":40,"139":40,"140":40,"141":40,"142":40,"143":2,"144":2,"145":40,"146":40,"147":40,"148":40,"149":40,"150":40,"151":4,"152":4,"153":40,"154":40,"155":40,"156":40,"157":40,"158":40,"159":2,"160":2,"161":40,"162":40,"163":40,"164":40,"165":40,"166":40,"167":40,"168":2,"169":2,"170":2,"171":2,"172":1,"173":1,"174":1,"175":1,"176":1,"177":2,"178":2,"179":2,"180":40,"181":40,"182":40,"183":40,"184":40,"185":40,"186":40,"187":3,"188":1,"189":3,"190":1,"191":1,"192":1,"193":3,"194":40,"195":40,"196":40,"197":40,"198":40,"199":40,"200":40,"201":40,"202":4,"203":1,"204":1,"205":3,"206":3,"207":4,"208":1,"209":1,"210":1,"211":1,"212":4,"213":2,"214":1,"215":1,"216":1,"217":1,"218":1,"219":3,"220":3,"221":4,"222":40,"223":40,"224":40,"225":40,"226":40,"227":8,"228":8,"229":8,"230":8,"231":8,"232":8,"233":8,"234":8,"235":40,"236":40,"237":40,"238":40,"239":40,"240":40,"241":4,"242":4,"243":40,"244":40,"245":40,"246":40,"247":40,"248":40,"249":40,"250":40,"251":40,"252":40,"253":40,"254":40,"255":40,"256":40,"257":40,"258":40,"259":1,"260":1,"261":1,"262":1,"263":1,"264":1,"265":1,"266":1,"267":11,"268":11,"269":11,"270":11,"271":11,"272":11,"273":11,"274":11,"275":7,"276":6,"277":6,"278":6,"279":6,"280":6,"281":7,"282":5,"283":5,"284":5,"285":5,"286":5,"287":5,"288":7,"289":11,"290":11,"291":11,"292":11,"293":11,"294":7,"295":7,"296":7,"297":7,"298":11,"299":11,"300":11,"301":11,"302":11,"303":1,"304":1,"305":11,"306":11,"307":11,"308":11,"309":11,"310":11,"311":3,"312":3,"313":11,"314":11,"315":11,"316":11,"317":11,"318":11,"319":2,"320":2,"321":11,"322":11,"323":11,"324":11,"325":11,"326":11,"327":11,"328":11,"329":11},"branchMap":{"0":{"type":"branch","line":1,"loc":{"start":{"line":1,"column":0},"end":{"line":330,"column":1}},"locations":[{"start":{"line":1,"column":0},"end":{"line":330,"column":1}}]},"1":{"type":"branch","line":23,"loc":{"start":{"line":23,"column":7},"end":{"line":27,"column":1}},"locations":[{"start":{"line":23,"column":7},"end":{"line":27,"column":1}}]},"2":{"type":"branch","line":34,"loc":{"start":{"line":34,"column":7},"end":{"line":38,"column":1}},"locations":[{"start":{"line":34,"column":7},"end":{"line":38,"column":1}}]},"3":{"type":"branch","line":47,"loc":{"start":{"line":47,"column":7},"end":{"line":259,"column":1}},"locations":[{"start":{"line":47,"column":7},"end":{"line":259,"column":1}}]},"4":{"type":"branch","line":56,"loc":{"start":{"line":56,"column":39},"end":{"line":56,"column":52}},"locations":[{"start":{"line":56,"column":39},"end":{"line":56,"column":52}}]},"5":{"type":"branch","line":56,"loc":{"start":{"line":56,"column":43},"end":{"line":56,"column":51}},"locations":[{"start":{"line":56,"column":43},"end":{"line":56,"column":51}}]},"6":{"type":"branch","line":57,"loc":{"start":{"line":57,"column":31},"end":{"line":57,"column":39}},"locations":[{"start":{"line":57,"column":31},"end":{"line":57,"column":39}}]},"7":{"type":"branch","line":67,"loc":{"start":{"line":67,"column":2},"end":{"line":70,"column":3}},"locations":[{"start":{"line":67,"column":2},"end":{"line":70,"column":3}}]},"8":{"type":"branch","line":69,"loc":{"start":{"line":69,"column":11},"end":{"line":69,"column":43}},"locations":[{"start":{"line":69,"column":11},"end":{"line":69,"column":43}}]},"9":{"type":"branch","line":77,"loc":{"start":{"line":77,"column":2},"end":{"line":79,"column":3}},"locations":[{"start":{"line":77,"column":2},"end":{"line":79,"column":3}}]},"10":{"type":"branch","line":78,"loc":{"start":{"line":78,"column":22},"end":{"line":78,"column":55}},"locations":[{"start":{"line":78,"column":22},"end":{"line":78,"column":55}}]},"11":{"type":"branch","line":86,"loc":{"start":{"line":86,"column":2},"end":{"line":104,"column":3}},"locations":[{"start":{"line":86,"column":2},"end":{"line":104,"column":3}}]},"12":{"type":"branch","line":87,"loc":{"start":{"line":87,"column":34},"end":{"line":89,"column":5}},"locations":[{"start":{"line":87,"column":34},"end":{"line":89,"column":5}}]},"13":{"type":"branch","line":90,"loc":{"start":{"line":90,"column":-1},"end":{"line":104,"column":2}},"locations":[{"start":{"line":90,"column":-1},"end":{"line":104,"column":2}}]},"14":{"type":"branch","line":111,"loc":{"start":{"line":111,"column":2},"end":{"line":129,"column":3}},"locations":[{"start":{"line":111,"column":2},"end":{"line":129,"column":3}}]},"15":{"type":"branch","line":112,"loc":{"start":{"line":112,"column":34},"end":{"line":114,"column":5}},"locations":[{"start":{"line":112,"column":34},"end":{"line":114,"column":5}}]},"16":{"type":"branch","line":115,"loc":{"start":{"line":115,"column":-1},"end":{"line":129,"column":2}},"locations":[{"start":{"line":115,"column":-1},"end":{"line":129,"column":2}}]},"17":{"type":"branch","line":135,"loc":{"start":{"line":135,"column":2},"end":{"line":137,"column":3}},"locations":[{"start":{"line":135,"column":2},"end":{"line":137,"column":3}}]},"18":{"type":"branch","line":143,"loc":{"start":{"line":143,"column":2},"end":{"line":145,"column":3}},"locations":[{"start":{"line":143,"column":2},"end":{"line":145,"column":3}}]},"19":{"type":"branch","line":151,"loc":{"start":{"line":151,"column":2},"end":{"line":153,"column":3}},"locations":[{"start":{"line":151,"column":2},"end":{"line":153,"column":3}}]},"20":{"type":"branch","line":159,"loc":{"start":{"line":159,"column":2},"end":{"line":161,"column":3}},"locations":[{"start":{"line":159,"column":2},"end":{"line":161,"column":3}}]},"21":{"type":"branch","line":168,"loc":{"start":{"line":168,"column":2},"end":{"line":180,"column":3}},"locations":[{"start":{"line":168,"column":2},"end":{"line":180,"column":3}}]},"22":{"type":"branch","line":172,"loc":{"start":{"line":172,"column":49},"end":{"line":177,"column":5}},"locations":[{"start":{"line":172,"column":49},"end":{"line":177,"column":5}}]},"23":{"type":"branch","line":187,"loc":{"start":{"line":187,"column":2},"end":{"line":194,"column":3}},"locations":[{"start":{"line":187,"column":2},"end":{"line":194,"column":3}}]},"24":{"type":"branch","line":188,"loc":{"start":{"line":188,"column":33},"end":{"line":188,"column":47}},"locations":[{"start":{"line":188,"column":33},"end":{"line":188,"column":47}}]},"25":{"type":"branch","line":188,"loc":{"start":{"line":188,"column":49},"end":{"line":190,"column":5}},"locations":[{"start":{"line":188,"column":49},"end":{"line":190,"column":5}}]},"26":{"type":"branch","line":190,"loc":{"start":{"line":190,"column":5},"end":{"line":192,"column":5}},"locations":[{"start":{"line":190,"column":5},"end":{"line":192,"column":5}}]},"27":{"type":"branch","line":190,"loc":{"start":{"line":190,"column":37},"end":{"line":190,"column":65}},"locations":[{"start":{"line":190,"column":37},"end":{"line":190,"column":65}}]},"28":{"type":"branch","line":190,"loc":{"start":{"line":190,"column":67},"end":{"line":192,"column":5}},"locations":[{"start":{"line":190,"column":67},"end":{"line":192,"column":5}}]},"29":{"type":"branch","line":193,"loc":{"start":{"line":193,"column":-1},"end":{"line":194,"column":2}},"locations":[{"start":{"line":193,"column":-1},"end":{"line":194,"column":2}}]},"30":{"type":"branch","line":202,"loc":{"start":{"line":202,"column":2},"end":{"line":222,"column":3}},"locations":[{"start":{"line":202,"column":2},"end":{"line":222,"column":3}}]},"31":{"type":"branch","line":203,"loc":{"start":{"line":203,"column":21},"end":{"line":203,"column":55}},"locations":[{"start":{"line":203,"column":21},"end":{"line":203,"column":55}}]},"32":{"type":"branch","line":203,"loc":{"start":{"line":203,"column":57},"end":{"line":205,"column":5}},"locations":[{"start":{"line":203,"column":57},"end":{"line":205,"column":5}}]},"33":{"type":"branch","line":206,"loc":{"start":{"line":206,"column":-1},"end":{"line":208,"column":53}},"locations":[{"start":{"line":206,"column":-1},"end":{"line":208,"column":53}}]},"34":{"type":"branch","line":208,"loc":{"start":{"line":208,"column":53},"end":{"line":213,"column":5}},"locations":[{"start":{"line":208,"column":53},"end":{"line":213,"column":5}}]},"35":{"type":"branch","line":213,"loc":{"start":{"line":213,"column":5},"end":{"line":219,"column":5}},"locations":[{"start":{"line":213,"column":5},"end":{"line":219,"column":5}}]},"36":{"type":"branch","line":213,"loc":{"start":{"line":213,"column":61},"end":{"line":214,"column":66}},"locations":[{"start":{"line":213,"column":61},"end":{"line":214,"column":66}}]},"37":{"type":"branch","line":214,"loc":{"start":{"line":214,"column":68},"end":{"line":219,"column":5}},"locations":[{"start":{"line":214,"column":68},"end":{"line":219,"column":5}}]},"38":{"type":"branch","line":220,"loc":{"start":{"line":220,"column":-1},"end":{"line":222,"column":2}},"locations":[{"start":{"line":220,"column":-1},"end":{"line":222,"column":2}}]},"39":{"type":"branch","line":227,"loc":{"start":{"line":227,"column":2},"end":{"line":235,"column":3}},"locations":[{"start":{"line":227,"column":2},"end":{"line":235,"column":3}}]},"40":{"type":"branch","line":241,"loc":{"start":{"line":241,"column":2},"end":{"line":243,"column":3}},"locations":[{"start":{"line":241,"column":2},"end":{"line":243,"column":3}}]},"41":{"type":"branch","line":267,"loc":{"start":{"line":267,"column":7},"end":{"line":330,"column":1}},"locations":[{"start":{"line":267,"column":7},"end":{"line":330,"column":1}}]},"42":{"type":"branch","line":275,"loc":{"start":{"line":275,"column":2},"end":{"line":289,"column":3}},"locations":[{"start":{"line":275,"column":2},"end":{"line":289,"column":3}}]},"43":{"type":"branch","line":276,"loc":{"start":{"line":276,"column":22},"end":{"line":276,"column":29}},"locations":[{"start":{"line":276,"column":22},"end":{"line":276,"column":29}}]},"44":{"type":"branch","line":277,"loc":{"start":{"line":277,"column":-1},"end":{"line":282,"column":26}},"locations":[{"start":{"line":277,"column":-1},"end":{"line":282,"column":26}}]},"45":{"type":"branch","line":282,"loc":{"start":{"line":282,"column":26},"end":{"line":282,"column":56}},"locations":[{"start":{"line":282,"column":26},"end":{"line":282,"column":56}}]},"46":{"type":"branch","line":282,"loc":{"start":{"line":282,"column":58},"end":{"line":288,"column":5}},"locations":[{"start":{"line":282,"column":58},"end":{"line":288,"column":5}}]},"47":{"type":"branch","line":294,"loc":{"start":{"line":294,"column":2},"end":{"line":298,"column":3}},"locations":[{"start":{"line":294,"column":2},"end":{"line":298,"column":3}}]},"48":{"type":"branch","line":303,"loc":{"start":{"line":303,"column":2},"end":{"line":305,"column":3}},"locations":[{"start":{"line":303,"column":2},"end":{"line":305,"column":3}}]},"49":{"type":"branch","line":311,"loc":{"start":{"line":311,"column":2},"end":{"line":313,"column":3}},"locations":[{"start":{"line":311,"column":2},"end":{"line":313,"column":3}}]},"50":{"type":"branch","line":319,"loc":{"start":{"line":319,"column":2},"end":{"line":321,"column":3}},"locations":[{"start":{"line":319,"column":2},"end":{"line":321,"column":3}}]}},"b":{"0":[1],"1":[5],"2":[4],"3":[40],"4":[39],"5":[42],"6":[3],"7":[2],"8":[1],"9":[51],"10":[1],"11":[38],"12":[2],"13":[36],"14":[5],"15":[1],"16":[4],"17":[18],"18":[2],"19":[4],"20":[2],"21":[2],"22":[1],"23":[3],"24":[1],"25":[1],"26":[2],"27":[1],"28":[1],"29":[1],"30":[4],"31":[3],"32":[1],"33":[3],"34":[1],"35":[2],"36":[1],"37":[1],"38":[3],"39":[8],"40":[4],"41":[11],"42":[7],"43":[1],"44":[6],"45":[5],"46":[5],"47":[7],"48":[1],"49":[3],"50":[2]},"fnMap":{"0":{"name":"encodeUpdate","decl":{"start":{"line":23,"column":7},"end":{"line":27,"column":1}},"loc":{"start":{"line":23,"column":7},"end":{"line":27,"column":1}},"line":23},"1":{"name":"decodeUpdate","decl":{"start":{"line":34,"column":7},"end":{"line":38,"column":1}},"loc":{"start":{"line":34,"column":7},"end":{"line":38,"column":1}},"line":34},"2":{"name":"createSyncManager","decl":{"start":{"line":47,"column":7},"end":{"line":259,"column":1}},"loc":{"start":{"line":47,"column":7},"end":{"line":259,"column":1}},"line":47},"3":{"name":"callbacks.onTextChange","decl":{"start":{"line":56,"column":43},"end":{"line":56,"column":51}},"loc":{"start":{"line":56,"column":43},"end":{"line":56,"column":51}},"line":56},"4":{"name":"callbacks.onSync","decl":{"start":{"line":57,"column":31},"end":{"line":57,"column":39}},"loc":{"start":{"line":57,"column":31},"end":{"line":57,"column":39}},"line":57},"5":{"name":"observe","decl":{"start":{"line":67,"column":2},"end":{"line":70,"column":3}},"loc":{"start":{"line":67,"column":2},"end":{"line":70,"column":3}},"line":67},"6":{"name":"notifyObservers","decl":{"start":{"line":77,"column":2},"end":{"line":79,"column":3}},"loc":{"start":{"line":77,"column":2},"end":{"line":79,"column":3}},"line":77},"7":{"name":"appendText","decl":{"start":{"line":86,"column":2},"end":{"line":104,"column":3}},"loc":{"start":{"line":86,"column":2},"end":{"line":104,"column":3}},"line":86},"8":{"name":"setText","decl":{"start":{"line":111,"column":2},"end":{"line":129,"column":3}},"loc":{"start":{"line":111,"column":2},"end":{"line":129,"column":3}},"line":111},"9":{"name":"getText","decl":{"start":{"line":135,"column":2},"end":{"line":137,"column":3}},"loc":{"start":{"line":135,"column":2},"end":{"line":137,"column":3}},"line":135},"10":{"name":"getState","decl":{"start":{"line":143,"column":2},"end":{"line":145,"column":3}},"loc":{"start":{"line":143,"column":2},"end":{"line":145,"column":3}},"line":143},"11":{"name":"getVersion","decl":{"start":{"line":151,"column":2},"end":{"line":153,"column":3}},"loc":{"start":{"line":151,"column":2},"end":{"line":153,"column":3}},"line":151},"12":{"name":"createSnapshot","decl":{"start":{"line":159,"column":2},"end":{"line":161,"column":3}},"loc":{"start":{"line":159,"column":2},"end":{"line":161,"column":3}},"line":159},"13":{"name":"applySnapshot","decl":{"start":{"line":168,"column":2},"end":{"line":180,"column":3}},"loc":{"start":{"line":168,"column":2},"end":{"line":180,"column":3}},"line":168},"14":{"name":"applyUpdate","decl":{"start":{"line":187,"column":2},"end":{"line":194,"column":3}},"loc":{"start":{"line":187,"column":2},"end":{"line":194,"column":3}},"line":187},"15":{"name":"merge","decl":{"start":{"line":202,"column":2},"end":{"line":222,"column":3}},"loc":{"start":{"line":202,"column":2},"end":{"line":222,"column":3}},"line":202},"16":{"name":"reset","decl":{"start":{"line":227,"column":2},"end":{"line":235,"column":3}},"loc":{"start":{"line":227,"column":2},"end":{"line":235,"column":3}},"line":227},"17":{"name":"getChunkCount","decl":{"start":{"line":241,"column":2},"end":{"line":243,"column":3}},"loc":{"start":{"line":241,"column":2},"end":{"line":243,"column":3}},"line":241},"18":{"name":"createStreamHandler","decl":{"start":{"line":267,"column":7},"end":{"line":330,"column":1}},"loc":{"start":{"line":267,"column":7},"end":{"line":330,"column":1}},"line":267},"19":{"name":"onToken","decl":{"start":{"line":275,"column":2},"end":{"line":289,"column":3}},"loc":{"start":{"line":275,"column":2},"end":{"line":289,"column":3}},"line":275},"20":{"name":"startStream","decl":{"start":{"line":294,"column":2},"end":{"line":298,"column":3}},"loc":{"start":{"line":294,"column":2},"end":{"line":298,"column":3}},"line":294},"21":{"name":"stopStream","decl":{"start":{"line":303,"column":2},"end":{"line":305,"column":3}},"loc":{"start":{"line":303,"column":2},"end":{"line":305,"column":3}},"line":303},"22":{"name":"isActive","decl":{"start":{"line":311,"column":2},"end":{"line":313,"column":3}},"loc":{"start":{"line":311,"column":2},"end":{"line":313,"column":3}},"line":311},"23":{"name":"getTokenCount","decl":{"start":{"line":319,"column":2},"end":{"line":321,"column":3}},"loc":{"start":{"line":319,"column":2},"end":{"line":321,"column":3}},"line":319}},"f":{"0":5,"1":4,"2":40,"3":42,"4":3,"5":2,"6":51,"7":38,"8":5,"9":18,"10":2,"11":4,"12":2,"13":2,"14":3,"15":4,"16":8,"17":4,"18":11,"19":7,"20":7,"21":1,"22":3,"23":2}}
}
