TN:
SF:src/modules/connection.js
FN:31,generateRoomId
FN:49,validateRoomId
FN:64,createConnectionManager
FN:73,callbacks.onPeerJoin
FN:74,callbacks.onPeerLeave
FN:75,callbacks.onStateChange
FN:76,callbacks.onData
FN:83,setState
FN:96,join
FN:139,leave
FN:153,broadcast
FN:163,getState
FN:171,getPeers
FN:179,getPeerCount
FNF:14
FNH:12
FNDA:112,generateRoomId
FNDA:18,validateRoomId
FNDA:22,createConnectionManager
FNDA:1,callbacks.onPeerJoin
FNDA:0,callbacks.onPeerLeave
FNDA:15,callbacks.onStateChange
FNDA:0,callbacks.onData
FNDA:16,setState
FNDA:11,join
FNDA:2,leave
FNDA:2,broadcast
FNDA:4,getState
FNDA:2,getPeers
FNDA:4,getPeerCount
DA:1,1
DA:2,1
DA:3,1
DA:4,1
DA:5,1
DA:6,1
DA:7,1
DA:8,1
DA:9,1
DA:10,1
DA:11,1
DA:12,1
DA:13,1
DA:14,1
DA:15,1
DA:16,1
DA:17,1
DA:18,1
DA:19,1
DA:20,1
DA:21,1
DA:22,1
DA:23,1
DA:24,1
DA:25,1
DA:26,1
DA:27,1
DA:28,1
DA:29,1
DA:30,1
DA:31,1
DA:32,112
DA:33,112
DA:34,0
DA:35,0
DA:36,112
DA:37,112
DA:38,3472
DA:39,3472
DA:40,3472
DA:41,112
DA:42,112
DA:43,1
DA:44,1
DA:45,1
DA:46,1
DA:47,1
DA:48,1
DA:49,1
DA:50,18
DA:51,15
DA:52,15
DA:53,18
DA:54,1
DA:55,1
DA:56,1
DA:57,1
DA:58,1
DA:59,1
DA:60,1
DA:61,1
DA:62,1
DA:63,1
DA:64,1
DA:65,22
DA:66,22
DA:67,22
DA:68,22
DA:69,22
DA:70,22
DA:71,22
DA:72,22
DA:73,22
DA:74,22
DA:75,22
DA:76,22
DA:77,22
DA:78,22
DA:79,22
DA:80,22
DA:81,22
DA:82,22
DA:83,22
DA:84,16
DA:85,16
DA:86,16
DA:87,16
DA:88,16
DA:89,22
DA:90,22
DA:91,22
DA:92,22
DA:93,22
DA:94,22
DA:95,22
DA:96,22
DA:97,11
DA:98,1
DA:99,1
DA:100,1
DA:101,10
DA:102,10
DA:103,10
DA:104,10
DA:105,10
DA:106,10
DA:107,10
DA:108,10
DA:109,2
DA:110,2
DA:111,2
DA:112,2
DA:113,2
DA:114,10
DA:115,10
DA:116,10
DA:117,1
DA:118,1
DA:119,1
DA:120,1
DA:121,1
DA:122,10
DA:123,10
DA:124,10
DA:125,10
DA:126,10
DA:127,10
DA:128,10
DA:129,10
DA:130,11
DA:131,1
DA:132,1
DA:133,1
DA:134,11
DA:135,22
DA:136,22
DA:137,22
DA:138,22
DA:139,22
DA:140,2
DA:141,1
DA:142,1
DA:143,1
DA:144,1
DA:145,1
DA:146,1
DA:147,2
DA:148,22
DA:149,22
DA:150,22
DA:151,22
DA:152,22
DA:153,22
DA:154,2
DA:155,1
DA:156,1
DA:157,2
DA:158,22
DA:159,22
DA:160,22
DA:161,22
DA:162,22
DA:163,22
DA:164,4
DA:165,4
DA:166,22
DA:167,22
DA:168,22
DA:169,22
DA:170,22
DA:171,22
DA:172,2
DA:173,2
DA:174,22
DA:175,22
DA:176,22
DA:177,22
DA:178,22
DA:179,22
DA:180,4
DA:181,4
DA:182,22
DA:183,22
DA:184,22
DA:185,22
DA:186,22
DA:187,22
DA:188,22
DA:189,22
DA:190,22
DA:191,22
DA:192,22
LF:192
LH:190
BRDA:1,0,0,1
BRDA:31,1,0,112
BRDA:33,2,0,0
BRDA:37,3,0,3472
BRDA:39,4,0,3360
BRDA:39,5,0,112
BRDA:49,6,0,18
BRDA:50,7,0,3
BRDA:51,8,0,15
BRDA:64,9,0,22
BRDA:73,10,0,21
BRDA:74,11,0,21
BRDA:75,12,0,21
BRDA:76,13,0,21
BRDA:73,14,0,1
BRDA:75,15,0,15
BRDA:83,16,0,16
BRDA:96,17,0,11
BRDA:97,18,0,1
BRDA:101,19,0,10
BRDA:130,20,0,1
BRDA:108,21,0,2
BRDA:116,22,0,1
BRDA:127,23,0,1
BRDA:139,24,0,2
BRDA:140,25,0,1
BRDA:153,26,0,2
BRDA:154,27,0,1
BRDA:163,28,0,4
BRDA:171,29,0,2
BRDA:179,30,0,4
BRF:31
BRH:30
end_of_record
TN:
SF:src/modules/qrcode.js
FN:42,createSessionData
FN:60,encodeSessionData
FN:82,decodeSessionData
FN:118,validateSessionData
FN:151,isSessionExpired
FN:165,createQRManager
FN:174,generate
FN:198,generateToCanvas
FN:219,parse
FN:234,getLastGenerated
FN:245,createShareUrl
FN:258,parseFromUrl
FNF:12
FNH:12
FNDA:21,createSessionData
FNDA:14,encodeSessionData
FNDA:11,decodeSessionData
FNDA:9,validateSessionData
FNDA:7,isSessionExpired
FNDA:16,createQRManager
FNDA:4,generate
FNDA:2,generateToCanvas
FNDA:4,parse
FNDA:2,getLastGenerated
FNDA:3,createShareUrl
FNDA:3,parseFromUrl
DA:1,1
DA:2,1
DA:3,1
DA:4,1
DA:5,1
DA:6,1
DA:7,1
DA:8,1
DA:9,1
DA:10,1
DA:11,1
DA:12,1
DA:13,1
DA:14,1
DA:15,1
DA:16,1
DA:17,1
DA:18,1
DA:19,1
DA:20,1
DA:21,1
DA:22,1
DA:23,1
DA:24,1
DA:25,1
DA:26,1
DA:27,1
DA:28,1
DA:29,1
DA:30,1
DA:31,1
DA:32,1
DA:33,1
DA:34,1
DA:35,1
DA:36,1
DA:37,1
DA:38,1
DA:39,1
DA:40,1
DA:41,1
DA:42,1
DA:43,21
DA:44,4
DA:45,4
DA:46,17
DA:47,17
DA:48,17
DA:49,21
DA:50,21
DA:51,21
DA:52,21
DA:53,21
DA:54,1
DA:55,1
DA:56,1
DA:57,1
DA:58,1
DA:59,1
DA:60,1
DA:61,14
DA:62,2
DA:63,2
DA:64,12
DA:65,12
DA:66,12
DA:67,12
DA:68,12
DA:69,12
DA:70,12
DA:71,12
DA:72,0
DA:73,0
DA:74,0
DA:75,14
DA:76,1
DA:77,1
DA:78,1
DA:79,1
DA:80,1
DA:81,1
DA:82,1
DA:83,11
DA:84,3
DA:85,3
DA:86,8
DA:87,8
DA:88,8
DA:89,8
DA:90,8
DA:91,8
DA:92,11
DA:93,0
DA:94,0
DA:95,0
DA:96,7
DA:97,7
DA:98,7
DA:99,7
DA:100,11
DA:101,1
DA:102,1
DA:103,5
DA:104,5
DA:105,11
DA:106,3
DA:107,1
DA:108,1
DA:109,2
DA:110,2
DA:111,11
DA:112,1
DA:113,1
DA:114,1
DA:115,1
DA:116,1
DA:117,1
DA:118,1
DA:119,9
DA:120,9
DA:121,9
DA:122,1
DA:123,1
DA:124,8
DA:125,9
DA:126,1
DA:127,1
DA:128,8
DA:129,9
DA:130,1
DA:131,9
DA:132,2
DA:133,2
DA:134,8
DA:135,9
DA:136,1
DA:137,1
DA:138,8
DA:139,8
DA:140,8
DA:141,8
DA:142,8
DA:143,9
DA:144,1
DA:145,1
DA:146,1
DA:147,1
DA:148,1
DA:149,1
DA:150,1
DA:151,1
DA:152,7
DA:153,3
DA:154,3
DA:155,4
DA:156,4
DA:157,4
DA:158,7
DA:159,1
DA:160,1
DA:161,1
DA:162,1
DA:163,1
DA:164,1
DA:165,1
DA:166,16
DA:167,16
DA:168,16
DA:169,16
DA:170,16
DA:171,16
DA:172,16
DA:173,16
DA:174,16
DA:175,4
DA:176,4
DA:177,4
DA:178,4
DA:179,4
DA:180,4
DA:181,1
DA:182,1
DA:183,1
DA:184,1
DA:185,1
DA:186,3
DA:187,3
DA:188,3
DA:189,4
DA:190,16
DA:191,16
DA:192,16
DA:193,16
DA:194,16
DA:195,16
DA:196,16
DA:197,16
DA:198,16
DA:199,2
DA:200,2
DA:201,2
DA:202,2
DA:203,2
DA:204,2
DA:205,1
DA:206,1
DA:207,1
DA:208,1
DA:209,1
DA:210,2
DA:211,2
DA:212,2
DA:213,16
DA:214,16
DA:215,16
DA:216,16
DA:217,16
DA:218,16
DA:219,16
DA:220,4
DA:221,4
DA:222,4
DA:223,4
DA:224,1
DA:225,1
DA:226,2
DA:227,2
DA:228,4
DA:229,16
DA:230,16
DA:231,16
DA:232,16
DA:233,16
DA:234,16
DA:235,2
DA:236,2
DA:237,16
DA:238,16
DA:239,16
DA:240,16
DA:241,16
DA:242,16
DA:243,16
DA:244,16
DA:245,16
DA:246,3
DA:247,3
DA:248,3
DA:249,3
DA:250,3
DA:251,3
DA:252,16
DA:253,16
DA:254,16
DA:255,16
DA:256,16
DA:257,16
DA:258,16
DA:259,3
DA:260,3
DA:261,3
DA:262,3
DA:263,1
DA:264,1
DA:265,1
DA:266,1
DA:267,3
DA:268,16
DA:269,16
DA:270,16
DA:271,16
DA:272,16
DA:273,16
DA:274,16
DA:275,16
DA:276,16
DA:277,16
LF:277
LH:271
BRDA:1,0,0,1
BRDA:42,1,0,21
BRDA:43,2,0,18
BRDA:43,3,0,4
BRDA:46,4,0,17
BRDA:49,5,0,14
BRDA:60,6,0,14
BRDA:61,7,0,13
BRDA:61,8,0,2
BRDA:64,9,0,12
BRDA:72,10,0,0
BRDA:82,11,0,11
BRDA:83,12,0,9
BRDA:83,13,0,3
BRDA:86,14,0,8
BRDA:92,15,0,0
BRDA:96,16,0,7
BRDA:100,17,0,1
BRDA:103,18,0,5
BRDA:105,19,0,3
BRDA:106,20,0,1
BRDA:109,21,0,2
BRDA:118,22,0,9
BRDA:121,23,0,1
BRDA:124,24,0,8
BRDA:125,25,0,7
BRDA:125,26,0,1
BRDA:128,27,0,8
BRDA:129,28,0,1
BRDA:131,29,0,7
BRDA:131,30,0,2
BRDA:134,31,0,8
BRDA:135,32,0,7
BRDA:135,33,0,1
BRDA:138,34,0,8
BRDA:151,35,0,7
BRDA:152,36,0,5
BRDA:152,37,0,3
BRDA:155,38,0,4
BRDA:165,39,0,16
BRDA:174,40,0,4
BRDA:180,41,0,1
BRDA:180,42,0,1
BRDA:186,43,0,3
BRDA:198,44,0,2
BRDA:204,45,0,1
BRDA:204,46,0,1
BRDA:219,47,0,4
BRDA:223,48,0,1
BRDA:226,49,0,2
BRDA:234,50,0,2
BRDA:245,51,0,3
BRDA:258,52,0,3
BRDA:262,53,0,1
BRF:54
BRH:52
end_of_record
TN:
SF:src/modules/scanner.js
FN:30,createQRScanner
FN:41,callbacks.onScan
FN:42,callbacks.onError
FN:43,callbacks.onStateChange
FN:57,setState
FN:68,loadJsQR
FN:92,requestCamera
FN:122,start
FN:141,canvasElement
FN:142,videoElement.onloadedmetadata
FN:173,scanFrame
FN:224,stop
FN:255,getState
FN:263,isActive
FN:272,scanImage
FN:308,switchCamera
FNF:16
FNH:12
FNDA:28,createQRScanner
FNDA:0,callbacks.onScan
FNDA:0,callbacks.onError
FNDA:26,callbacks.onStateChange
FNDA:63,setState
FNDA:17,loadJsQR
FNDA:17,requestCamera
FNDA:18,start
FNDA:12,canvasElement
FNDA:12,videoElement.onloadedmetadata
FNDA:17,scanFrame
FNDA:29,stop
FNDA:6,getState
FNDA:3,isActive
FNDA:0,scanImage
FNDA:0,switchCamera
DA:1,1
DA:2,1
DA:3,1
DA:4,1
DA:5,1
DA:6,1
DA:7,1
DA:8,1
DA:9,1
DA:10,1
DA:11,1
DA:12,1
DA:13,1
DA:14,1
DA:15,1
DA:16,1
DA:17,1
DA:18,1
DA:19,1
DA:20,1
DA:21,1
DA:22,1
DA:23,1
DA:24,1
DA:25,1
DA:26,1
DA:27,1
DA:28,1
DA:29,1
DA:30,1
DA:31,28
DA:32,28
DA:33,28
DA:34,28
DA:35,28
DA:36,28
DA:37,28
DA:38,28
DA:39,28
DA:40,28
DA:41,28
DA:42,28
DA:43,28
DA:44,28
DA:45,28
DA:46,28
DA:47,28
DA:48,28
DA:49,28
DA:50,28
DA:51,28
DA:52,28
DA:53,28
DA:54,28
DA:55,28
DA:56,28
DA:57,28
DA:58,63
DA:59,60
DA:60,60
DA:61,60
DA:62,63
DA:63,28
DA:64,28
DA:65,28
DA:66,28
DA:67,28
DA:68,28
DA:69,17
DA:70,0
DA:71,0
DA:72,17
DA:73,0
DA:74,0
DA:75,0
DA:76,0
DA:77,0
DA:78,0
DA:79,0
DA:80,0
DA:81,0
DA:82,0
DA:83,0
DA:84,0
DA:85,17
DA:86,28
DA:87,28
DA:88,28
DA:89,28
DA:90,28
DA:91,28
DA:92,28
DA:93,17
DA:94,2
DA:95,2
DA:96,15
DA:97,15
DA:98,15
DA:99,15
DA:100,15
DA:101,15
DA:102,15
DA:103,15
DA:104,15
DA:105,12
DA:106,17
DA:107,3
DA:108,1
DA:109,3
DA:110,1
DA:111,1
DA:112,1
DA:113,1
DA:114,17
DA:115,28
DA:116,28
DA:117,28
DA:118,28
DA:119,28
DA:120,28
DA:121,28
DA:122,28
DA:123,18
DA:124,1
DA:125,1
DA:126,17
DA:127,17
DA:128,17
DA:129,17
DA:130,17
DA:131,17
DA:132,17
DA:133,17
DA:134,17
DA:135,12
DA:136,12
DA:137,12
DA:138,12
DA:139,12
DA:140,12
DA:141,12
DA:142,12
DA:143,12
DA:144,12
DA:145,12
DA:146,12
DA:147,12
DA:148,12
DA:149,12
DA:150,12
DA:151,18
DA:152,0
DA:153,18
DA:154,12
DA:155,12
DA:156,12
DA:157,12
DA:158,12
DA:159,12
DA:160,12
DA:161,12
DA:162,12
DA:163,18
DA:164,5
DA:165,5
DA:166,5
DA:167,5
DA:168,18
DA:169,28
DA:170,28
DA:171,28
DA:172,28
DA:173,28
DA:174,17
DA:175,0
DA:176,0
DA:177,17
DA:178,17
DA:179,9
DA:180,9
DA:181,9
DA:182,9
DA:183,9
DA:184,9
DA:185,9
DA:186,9
DA:187,9
DA:188,9
DA:189,9
DA:190,9
DA:191,9
DA:192,9
DA:193,9
DA:194,9
DA:195,9
DA:196,9
DA:197,9
DA:198,9
DA:199,9
DA:200,9
DA:201,9
DA:202,9
DA:203,9
DA:204,9
DA:205,9
DA:206,7
DA:207,7
DA:208,4
DA:209,4
DA:210,4
DA:211,9
DA:212,2
DA:213,2
DA:214,2
DA:215,9
DA:216,17
DA:217,17
DA:218,17
DA:219,17
DA:220,28
DA:221,28
DA:222,28
DA:223,28
DA:224,28
DA:225,29
DA:226,29
DA:227,29
DA:228,29
DA:229,12
DA:230,12
DA:231,12
DA:232,29
DA:233,29
DA:234,29
DA:235,12
DA:236,12
DA:237,12
DA:238,29
DA:239,29
DA:240,29
DA:241,12
DA:242,12
DA:243,12
DA:244,29
DA:245,29
DA:246,29
DA:247,29
DA:248,29
DA:249,29
DA:250,28
DA:251,28
DA:252,28
DA:253,28
DA:254,28
DA:255,28
DA:256,6
DA:257,6
DA:258,28
DA:259,28
DA:260,28
DA:261,28
DA:262,28
DA:263,28
DA:264,3
DA:265,3
DA:266,28
DA:267,28
DA:268,28
DA:269,28
DA:270,28
DA:271,28
DA:272,28
DA:273,0
DA:274,0
DA:275,0
DA:276,0
DA:277,0
DA:278,0
DA:279,0
DA:280,0
DA:281,0
DA:282,0
DA:283,0
DA:284,0
DA:285,0
DA:286,0
DA:287,0
DA:288,0
DA:289,0
DA:290,0
DA:291,0
DA:292,0
DA:293,0
DA:294,0
DA:295,0
DA:296,0
DA:297,0
DA:298,0
DA:299,0
DA:300,0
DA:301,0
DA:302,28
DA:303,28
DA:304,28
DA:305,28
DA:306,28
DA:307,28
DA:308,28
DA:309,0
DA:310,0
DA:311,0
DA:312,0
DA:313,0
DA:314,0
DA:315,0
DA:316,0
DA:317,0
DA:318,0
DA:319,0
DA:320,0
DA:321,0
DA:322,0
DA:323,28
DA:324,28
DA:325,28
DA:326,28
DA:327,28
DA:328,28
DA:329,28
DA:330,28
DA:331,28
DA:332,28
LF:332
LH:272
BRDA:1,0,0,1
BRDA:30,1,0,28
BRDA:41,2,0,6
BRDA:42,3,0,8
BRDA:43,4,0,10
BRDA:47,5,0,0
BRDA:50,6,0,1
BRDA:50,7,0,0
BRDA:51,8,0,2
BRDA:51,9,0,0
BRDA:43,10,0,26
BRDA:57,11,0,63
BRDA:58,12,0,60
BRDA:68,13,0,17
BRDA:70,14,0,0
BRDA:72,15,0,0
BRDA:92,16,0,17
BRDA:93,17,0,15
BRDA:93,18,0,2
BRDA:96,19,0,15
BRDA:105,20,0,12
BRDA:106,21,0,3
BRDA:107,22,0,1
BRDA:109,23,0,2
BRDA:109,24,0,1
BRDA:112,25,0,1
BRDA:122,26,0,18
BRDA:123,27,0,1
BRDA:126,28,0,17
BRDA:135,29,0,12
BRDA:151,30,0,0
BRDA:153,31,0,12
BRDA:163,32,0,5
BRDA:141,33,0,12
BRDA:142,34,0,12
BRDA:173,35,0,17
BRDA:174,36,0,0
BRDA:178,37,0,9
BRDA:205,38,0,7
BRDA:205,39,0,7
BRDA:207,40,0,4
BRDA:211,41,0,2
BRDA:224,42,0,29
BRDA:228,43,0,12
BRDA:234,44,0,12
BRDA:240,45,0,12
BRDA:235,46,0,12
BRDA:255,47,0,6
BRDA:263,48,0,3
BRF:49
BRH:42
end_of_record
TN:
SF:src/modules/storage.js
FN:23,createStorageAdapter
FN:28,getItem
FN:29,setItem
FN:30,removeItem
FN:31,clear
FN:32,keys
FN:41,get
FN:57,set
FN:72,remove
FN:85,clear
FN:99,has
FN:117,createSessionStorage
FN:126,saveSession
FN:145,loadSession
FN:155,deleteSession
FN:165,hasSession
FN:174,getAllSessionIds
FN:194,createDocumentStorage
FN:203,saveDocument
FN:226,loadDocument
FN:237,deleteDocument
FN:247,getDocumentMeta
FN:262,saveToHistory
FN:285,getHistory
FN:296,restoreFromHistory
FN:317,createSettingsStorage
FN:332,getSettings
FN:342,getSetting
FN:353,setSetting
FN:364,setSettings
FN:374,resetSettings
FN:382,getDefaults
FNF:32
FNH:31
FNDA:47,createStorageAdapter
FNDA:68,getItem
FNDA:68,setItem
FNDA:3,removeItem
FNDA:1,clear
FNDA:0,keys
FNDA:66,get
FNDA:69,set
FNDA:4,remove
FNDA:2,clear
FNDA:4,has
FNDA:13,createSessionStorage
FNDA:8,saveSession
FNDA:6,loadSession
FNDA:2,deleteSession
FNDA:3,hasSession
FNDA:1,getAllSessionIds
FNDA:14,createDocumentStorage
FNDA:26,saveDocument
FNDA:4,loadDocument
FNDA:2,deleteDocument
FNDA:2,getDocumentMeta
FNDA:24,saveToHistory
FNDA:6,getHistory
FNDA:3,restoreFromHistory
FNDA:9,createSettingsStorage
FNDA:19,getSettings
FNDA:9,getSetting
FNDA:7,setSetting
FNDA:1,setSettings
FNDA:1,resetSettings
FNDA:1,getDefaults
DA:1,1
DA:2,1
DA:3,1
DA:4,1
DA:5,1
DA:6,1
DA:7,1
DA:8,1
DA:9,1
DA:10,1
DA:11,1
DA:12,1
DA:13,1
DA:14,1
DA:15,1
DA:16,1
DA:17,1
DA:18,1
DA:19,1
DA:20,1
DA:21,1
DA:22,1
DA:23,1
DA:24,47
DA:25,42
DA:26,42
DA:27,42
DA:28,42
DA:29,42
DA:30,42
DA:31,42
DA:32,42
DA:33,42
DA:34,42
DA:35,47
DA:36,47
DA:37,47
DA:38,47
DA:39,47
DA:40,47
DA:41,47
DA:42,66
DA:43,66
DA:44,66
DA:45,40
DA:46,66
DA:47,1
DA:48,1
DA:49,66
DA:50,47
DA:51,47
DA:52,47
DA:53,47
DA:54,47
DA:55,47
DA:56,47
DA:57,47
DA:58,69
DA:59,69
DA:60,69
DA:61,69
DA:62,1
DA:63,1
DA:64,1
DA:65,69
DA:66,47
DA:67,47
DA:68,47
DA:69,47
DA:70,47
DA:71,47
DA:72,47
DA:73,4
DA:74,4
DA:75,4
DA:76,4
DA:77,1
DA:78,1
DA:79,4
DA:80,47
DA:81,47
DA:82,47
DA:83,47
DA:84,47
DA:85,47
DA:86,2
DA:87,2
DA:88,2
DA:89,2
DA:90,1
DA:91,1
DA:92,2
DA:93,47
DA:94,47
DA:95,47
DA:96,47
DA:97,47
DA:98,47
DA:99,47
DA:100,4
DA:101,4
DA:102,47
DA:103,47
DA:104,47
DA:105,47
DA:106,47
DA:107,47
DA:108,47
DA:109,47
DA:110,47
DA:111,1
DA:112,1
DA:113,1
DA:114,1
DA:115,1
DA:116,1
DA:117,1
DA:118,13
DA:119,13
DA:120,13
DA:121,13
DA:122,13
DA:123,13
DA:124,13
DA:125,13
DA:126,13
DA:127,8
DA:128,3
DA:129,3
DA:130,5
DA:131,5
DA:132,5
DA:133,5
DA:134,5
DA:135,5
DA:136,5
DA:137,5
DA:138,8
DA:139,13
DA:140,13
DA:141,13
DA:142,13
DA:143,13
DA:144,13
DA:145,13
DA:146,6
DA:147,4
DA:148,6
DA:149,13
DA:150,13
DA:151,13
DA:152,13
DA:153,13
DA:154,13
DA:155,13
DA:156,2
DA:157,1
DA:158,2
DA:159,13
DA:160,13
DA:161,13
DA:162,13
DA:163,13
DA:164,13
DA:165,13
DA:166,3
DA:167,2
DA:168,3
DA:169,13
DA:170,13
DA:171,13
DA:172,13
DA:173,13
DA:174,13
DA:175,1
DA:176,1
DA:177,1
DA:178,1
DA:179,13
DA:180,13
DA:181,13
DA:182,13
DA:183,13
DA:184,13
DA:185,13
DA:186,13
DA:187,13
DA:188,1
DA:189,1
DA:190,1
DA:191,1
DA:192,1
DA:193,1
DA:194,1
DA:195,14
DA:196,14
DA:197,14
DA:198,14
DA:199,14
DA:200,14
DA:201,14
DA:202,14
DA:203,14
DA:204,26
DA:205,2
DA:206,2
DA:207,24
DA:208,24
DA:209,24
DA:210,24
DA:211,24
DA:212,26
DA:213,26
DA:214,26
DA:215,26
DA:216,26
DA:217,26
DA:218,26
DA:219,26
DA:220,14
DA:221,14
DA:222,14
DA:223,14
DA:224,14
DA:225,14
DA:226,14
DA:227,4
DA:228,3
DA:229,4
DA:230,4
DA:231,14
DA:232,14
DA:233,14
DA:234,14
DA:235,14
DA:236,14
DA:237,14
DA:238,2
DA:239,1
DA:240,2
DA:241,14
DA:242,14
DA:243,14
DA:244,14
DA:245,14
DA:246,14
DA:247,14
DA:248,2
DA:249,2
DA:250,1
DA:251,1
DA:252,1
DA:253,1
DA:254,1
DA:255,2
DA:256,14
DA:257,14
DA:258,14
DA:259,14
DA:260,14
DA:261,14
DA:262,14
DA:263,24
DA:264,24
DA:265,24
DA:266,24
DA:267,24
DA:268,24
DA:269,24
DA:270,24
DA:271,24
DA:272,24
DA:273,24
DA:274,5
DA:275,5
DA:276,24
DA:277,24
DA:278,24
DA:279,14
DA:280,14
DA:281,14
DA:282,14
DA:283,14
DA:284,14
DA:285,14
DA:286,6
DA:287,6
DA:288,6
DA:289,14
DA:290,14
DA:291,14
DA:292,14
DA:293,14
DA:294,14
DA:295,14
DA:296,14
DA:297,3
DA:298,3
DA:299,1
DA:300,3
DA:301,14
DA:302,14
DA:303,14
DA:304,14
DA:305,14
DA:306,14
DA:307,14
DA:308,14
DA:309,14
DA:310,14
DA:311,1
DA:312,1
DA:313,1
DA:314,1
DA:315,1
DA:316,1
DA:317,1
DA:318,9
DA:319,9
DA:320,9
DA:321,9
DA:322,9
DA:323,9
DA:324,9
DA:325,9
DA:326,9
DA:327,9
DA:328,9
DA:329,9
DA:330,9
DA:331,9
DA:332,9
DA:333,19
DA:334,19
DA:335,19
DA:336,9
DA:337,9
DA:338,9
DA:339,9
DA:340,9
DA:341,9
DA:342,9
DA:343,9
DA:344,9
DA:345,9
DA:346,9
DA:347,9
DA:348,9
DA:349,9
DA:350,9
DA:351,9
DA:352,9
DA:353,9
DA:354,7
DA:355,7
DA:356,7
DA:357,7
DA:358,9
DA:359,9
DA:360,9
DA:361,9
DA:362,9
DA:363,9
DA:364,9
DA:365,1
DA:366,1
DA:367,1
DA:368,1
DA:369,9
DA:370,9
DA:371,9
DA:372,9
DA:373,9
DA:374,9
DA:375,1
DA:376,1
DA:377,9
DA:378,9
DA:379,9
DA:380,9
DA:381,9
DA:382,9
DA:383,1
DA:384,1
DA:385,9
DA:386,9
DA:387,9
DA:388,9
DA:389,9
DA:390,9
DA:391,9
DA:392,9
DA:393,9
DA:394,9
LF:394
LH:394
BRDA:1,0,0,1
BRDA:23,1,0,47
BRDA:24,2,0,42
BRDA:28,3,0,68
BRDA:28,4,0,28
BRDA:29,5,0,68
BRDA:30,6,0,3
BRDA:31,7,0,1
BRDA:41,8,0,66
BRDA:44,9,0,26
BRDA:45,10,0,40
BRDA:46,11,0,1
BRDA:57,12,0,69
BRDA:61,13,0,1
BRDA:72,14,0,4
BRDA:76,15,0,1
BRDA:85,16,0,2
BRDA:89,17,0,1
BRDA:99,18,0,4
BRDA:117,19,0,13
BRDA:126,20,0,8
BRDA:127,21,0,6
BRDA:127,22,0,3
BRDA:130,23,0,5
BRDA:145,24,0,6
BRDA:146,25,0,2
BRDA:147,26,0,4
BRDA:155,27,0,2
BRDA:156,28,0,1
BRDA:165,29,0,3
BRDA:166,30,0,1
BRDA:167,31,0,2
BRDA:174,32,0,1
BRDA:194,33,0,14
BRDA:203,34,0,26
BRDA:204,35,0,24
BRDA:204,36,0,2
BRDA:207,37,0,24
BRDA:212,38,0,2
BRDA:226,39,0,4
BRDA:227,40,0,1
BRDA:228,41,0,3
BRDA:229,42,0,1
BRDA:229,43,0,2
BRDA:237,44,0,2
BRDA:238,45,0,1
BRDA:247,46,0,2
BRDA:249,47,0,1
BRDA:262,48,0,24
BRDA:264,49,0,8
BRDA:269,50,0,2
BRDA:273,51,0,5
BRDA:285,52,0,6
BRDA:287,53,0,1
BRDA:296,54,0,3
BRDA:298,55,0,2
BRDA:298,56,0,2
BRDA:299,57,0,1
BRDA:317,58,0,9
BRDA:332,59,0,19
BRDA:342,60,0,9
BRDA:353,61,0,7
BRDA:364,62,0,1
BRDA:374,63,0,1
BRDA:382,64,0,1
BRF:65
BRH:65
end_of_record
TN:
SF:src/modules/sync.js
FN:23,encodeUpdate
FN:34,decodeUpdate
FN:47,createSyncManager
FN:56,callbacks.onTextChange
FN:57,callbacks.onSync
FN:67,observe
FN:77,notifyObservers
FN:86,appendText
FN:111,setText
FN:135,getText
FN:143,getState
FN:151,getVersion
FN:159,createSnapshot
FN:168,applySnapshot
FN:187,applyUpdate
FN:202,merge
FN:227,reset
FN:241,getChunkCount
FN:267,createStreamHandler
FN:275,onToken
FN:294,startStream
FN:303,stopStream
FN:311,isActive
FN:319,getTokenCount
FNF:24
FNH:24
FNDA:5,encodeUpdate
FNDA:4,decodeUpdate
FNDA:40,createSyncManager
FNDA:42,callbacks.onTextChange
FNDA:3,callbacks.onSync
FNDA:2,observe
FNDA:51,notifyObservers
FNDA:38,appendText
FNDA:5,setText
FNDA:18,getText
FNDA:2,getState
FNDA:4,getVersion
FNDA:2,createSnapshot
FNDA:2,applySnapshot
FNDA:3,applyUpdate
FNDA:4,merge
FNDA:8,reset
FNDA:4,getChunkCount
FNDA:11,createStreamHandler
FNDA:7,onToken
FNDA:7,startStream
FNDA:1,stopStream
FNDA:3,isActive
FNDA:2,getTokenCount
DA:1,1
DA:2,1
DA:3,1
DA:4,1
DA:5,1
DA:6,1
DA:7,1
DA:8,1
DA:9,1
DA:10,1
DA:11,1
DA:12,1
DA:13,1
DA:14,1
DA:15,1
DA:16,1
DA:17,1
DA:18,1
DA:19,1
DA:20,1
DA:21,1
DA:22,1
DA:23,1
DA:24,5
DA:25,5
DA:26,5
DA:27,5
DA:28,1
DA:29,1
DA:30,1
DA:31,1
DA:32,1
DA:33,1
DA:34,1
DA:35,4
DA:36,4
DA:37,4
DA:38,4
DA:39,1
DA:40,1
DA:41,1
DA:42,1
DA:43,1
DA:44,1
DA:45,1
DA:46,1
DA:47,1
DA:48,40
DA:49,40
DA:50,40
DA:51,40
DA:52,40
DA:53,40
DA:54,40
DA:55,40
DA:56,40
DA:57,40
DA:58,40
DA:59,40
DA:60,40
DA:61,40
DA:62,40
DA:63,40
DA:64,40
DA:65,40
DA:66,40
DA:67,40
DA:68,2
DA:69,2
DA:70,2
DA:71,40
DA:72,40
DA:73,40
DA:74,40
DA:75,40
DA:76,40
DA:77,40
DA:78,51
DA:79,51
DA:80,40
DA:81,40
DA:82,40
DA:83,40
DA:84,40
DA:85,40
DA:86,40
DA:87,38
DA:88,2
DA:89,2
DA:90,36
DA:91,36
DA:92,36
DA:93,36
DA:94,36
DA:95,36
DA:96,36
DA:97,36
DA:98,36
DA:99,36
DA:100,36
DA:101,36
DA:102,36
DA:103,36
DA:104,38
DA:105,40
DA:106,40
DA:107,40
DA:108,40
DA:109,40
DA:110,40
DA:111,40
DA:112,5
DA:113,1
DA:114,1
DA:115,4
DA:116,4
DA:117,4
DA:118,4
DA:119,4
DA:120,4
DA:121,4
DA:122,4
DA:123,4
DA:124,4
DA:125,4
DA:126,4
DA:127,4
DA:128,4
DA:129,5
DA:130,40
DA:131,40
DA:132,40
DA:133,40
DA:134,40
DA:135,40
DA:136,18
DA:137,18
DA:138,40
DA:139,40
DA:140,40
DA:141,40
DA:142,40
DA:143,40
DA:144,2
DA:145,2
DA:146,40
DA:147,40
DA:148,40
DA:149,40
DA:150,40
DA:151,40
DA:152,4
DA:153,4
DA:154,40
DA:155,40
DA:156,40
DA:157,40
DA:158,40
DA:159,40
DA:160,2
DA:161,2
DA:162,40
DA:163,40
DA:164,40
DA:165,40
DA:166,40
DA:167,40
DA:168,40
DA:169,2
DA:170,2
DA:171,2
DA:172,2
DA:173,1
DA:174,1
DA:175,1
DA:176,1
DA:177,1
DA:178,2
DA:179,2
DA:180,2
DA:181,40
DA:182,40
DA:183,40
DA:184,40
DA:185,40
DA:186,40
DA:187,40
DA:188,3
DA:189,1
DA:190,3
DA:191,1
DA:192,1
DA:193,1
DA:194,3
DA:195,40
DA:196,40
DA:197,40
DA:198,40
DA:199,40
DA:200,40
DA:201,40
DA:202,40
DA:203,4
DA:204,1
DA:205,1
DA:206,3
DA:207,3
DA:208,4
DA:209,1
DA:210,1
DA:211,1
DA:212,1
DA:213,4
DA:214,2
DA:215,1
DA:216,1
DA:217,1
DA:218,1
DA:219,1
DA:220,3
DA:221,3
DA:222,4
DA:223,40
DA:224,40
DA:225,40
DA:226,40
DA:227,40
DA:228,8
DA:229,8
DA:230,8
DA:231,8
DA:232,8
DA:233,8
DA:234,8
DA:235,8
DA:236,40
DA:237,40
DA:238,40
DA:239,40
DA:240,40
DA:241,40
DA:242,4
DA:243,4
DA:244,40
DA:245,40
DA:246,40
DA:247,40
DA:248,40
DA:249,40
DA:250,40
DA:251,40
DA:252,40
DA:253,40
DA:254,40
DA:255,40
DA:256,40
DA:257,40
DA:258,40
DA:259,40
DA:260,1
DA:261,1
DA:262,1
DA:263,1
DA:264,1
DA:265,1
DA:266,1
DA:267,1
DA:268,11
DA:269,11
DA:270,11
DA:271,11
DA:272,11
DA:273,11
DA:274,11
DA:275,11
DA:276,7
DA:277,6
DA:278,6
DA:279,6
DA:280,6
DA:281,6
DA:282,7
DA:283,5
DA:284,5
DA:285,5
DA:286,5
DA:287,5
DA:288,5
DA:289,7
DA:290,11
DA:291,11
DA:292,11
DA:293,11
DA:294,11
DA:295,7
DA:296,7
DA:297,7
DA:298,7
DA:299,11
DA:300,11
DA:301,11
DA:302,11
DA:303,11
DA:304,1
DA:305,1
DA:306,11
DA:307,11
DA:308,11
DA:309,11
DA:310,11
DA:311,11
DA:312,3
DA:313,3
DA:314,11
DA:315,11
DA:316,11
DA:317,11
DA:318,11
DA:319,11
DA:320,2
DA:321,2
DA:322,11
DA:323,11
DA:324,11
DA:325,11
DA:326,11
DA:327,11
DA:328,11
DA:329,11
DA:330,11
LF:330
LH:330
BRDA:1,0,0,1
BRDA:23,1,0,5
BRDA:34,2,0,4
BRDA:47,3,0,40
BRDA:56,4,0,39
BRDA:56,5,0,42
BRDA:57,6,0,3
BRDA:67,7,0,2
BRDA:69,8,0,1
BRDA:77,9,0,51
BRDA:78,10,0,1
BRDA:86,11,0,38
BRDA:87,12,0,2
BRDA:90,13,0,36
BRDA:111,14,0,5
BRDA:112,15,0,1
BRDA:115,16,0,4
BRDA:135,17,0,18
BRDA:143,18,0,2
BRDA:151,19,0,4
BRDA:159,20,0,2
BRDA:168,21,0,2
BRDA:172,22,0,1
BRDA:187,23,0,3
BRDA:188,24,0,1
BRDA:188,25,0,1
BRDA:190,26,0,2
BRDA:190,27,0,1
BRDA:190,28,0,1
BRDA:193,29,0,1
BRDA:202,30,0,4
BRDA:203,31,0,3
BRDA:203,32,0,1
BRDA:206,33,0,3
BRDA:208,34,0,1
BRDA:213,35,0,2
BRDA:213,36,0,1
BRDA:214,37,0,1
BRDA:220,38,0,3
BRDA:227,39,0,8
BRDA:241,40,0,4
BRDA:267,41,0,11
BRDA:275,42,0,7
BRDA:276,43,0,1
BRDA:277,44,0,6
BRDA:282,45,0,5
BRDA:282,46,0,5
BRDA:294,47,0,7
BRDA:303,48,0,1
BRDA:311,49,0,3
BRDA:319,50,0,2
BRF:51
BRH:51
end_of_record
